\BOOKMARK [1][-]{section.1}{Introduction}{}% 1
\BOOKMARK [1][-]{section.2}{About the formalisation}{}% 2
\BOOKMARK [2][-]{subsection.2.1}{Content introduction}{section.2}% 3
\BOOKMARK [2][-]{subsection.2.2}{Documentation}{section.2}% 4
\BOOKMARK [3][-]{subsubsection.2.2.1}{Categories}{subsection.2.2}% 5
\BOOKMARK [3][-]{subsubsection.2.2.2}{Construction of SET}{subsection.2.2}% 6
\BOOKMARK [3][-]{subsubsection.2.2.3}{Bijections}{subsection.2.2}% 7
\BOOKMARK [3][-]{subsubsection.2.2.4}{Functors}{subsection.2.2}% 8
\BOOKMARK [3][-]{subsubsection.2.2.5}{Construction of the Hom Functor}{subsection.2.2}% 9
\BOOKMARK [3][-]{subsubsection.2.2.6}{Natural Transformations}{subsection.2.2}% 10
\BOOKMARK [3][-]{subsubsection.2.2.7}{Yoneda-Lemma}{subsection.2.2}% 11
\BOOKMARK [2][-]{subsection.2.3}{The possibility of inconsistency}{section.2}% 12
\BOOKMARK [1][-]{section.3}{Documentation of the diagram parser}{}% 13
\BOOKMARK [2][-]{subsection.3.1}{Diagram.hs}{section.3}% 14
\BOOKMARK [3][-]{subsubsection.3.1.1}{Data}{subsection.3.1}% 15
\BOOKMARK [3][-]{subsubsection.3.1.2}{Parser}{subsection.3.1}% 16
\BOOKMARK [3][-]{subsubsection.3.1.3}{|arP|}{subsection.3.1}% 17
\BOOKMARK [3][-]{subsubsection.3.1.4}{Paths}{subsection.3.1}% 18
\BOOKMARK [3][-]{subsubsection.3.1.5}{Equality classes}{subsection.3.1}% 19
\BOOKMARK [3][-]{subsubsection.3.1.6}{Output}{subsection.3.1}% 20
\BOOKMARK [2][-]{subsection.3.2}{Integration into Naproche}{section.3}% 21
\BOOKMARK [2][-]{subsection.3.3}{Additional changes on Naproche}{section.3}% 22
\BOOKMARK [1][-]{section.4}{Ideas on further developments}{}% 23
\BOOKMARK [1][-]{appendix.A}{Equivalence of the single-sorted and the two-sorted theory}{}% 24
