This is pdfTeX, Version 3.14159265-2.6-1.40.18 (TeX Live 2017/Debian) (preloaded format=pdflatex 2020.4.6)  6 APR 2021 13:04
entering extended mode
 restricted \write18 enabled.
 %&-line parsing enabled.
**Arbeit.tex
(./Arbeit.tex
LaTeX2e <2017-04-15>
Babel <3.18> and hyphenation patterns for 84 language(s) loaded.
(/usr/share/texlive/texmf-dist/tex/latex/base/article.cls
Document Class: article 2014/09/29 v1.4h Standard LaTeX document class
(/usr/share/texlive/texmf-dist/tex/latex/base/size11.clo
File: size11.clo 2014/09/29 v1.4h Standard LaTeX file (size option)
)
\c@part=\count79
\c@section=\count80
\c@subsection=\count81
\c@subsubsection=\count82
\c@paragraph=\count83
\c@subparagraph=\count84
\c@figure=\count85
\c@table=\count86
\abovecaptionskip=\skip41
\belowcaptionskip=\skip42
\bibindent=\dimen102
) (./BA_Titelseite.sty
Package: BA_Titelseite 2010/04/25
) (/usr/share/texlive/texmf-dist/tex/generic/babel/babel.sty
Package: babel 2018/02/14 3.18 The Babel package

(/usr/share/texlive/texmf-dist/tex/generic/babel/switch.def
File: switch.def 2018/02/14 3.18 Babel switching mechanism
)
(/usr/share/texlive/texmf-dist/tex/generic/babel-english/english.ldf
Language: english 2017/06/06 v3.3r English support from the babel system

(/usr/share/texlive/texmf-dist/tex/generic/babel/babel.def
File: babel.def 2018/02/14 3.18 Babel common definitions
\babel@savecnt=\count87
\U@D=\dimen103

(/usr/share/texlive/texmf-dist/tex/generic/babel/txtbabel.def)
\bbl@dirlevel=\count88
)
\l@canadian = a dialect from \language\l@american 
\l@australian = a dialect from \language\l@british 
\l@newzealand = a dialect from \language\l@british 
))
(/usr/share/texlive/texmf-dist/tex/latex/amsmath/amsmath.sty
Package: amsmath 2017/09/02 v2.17a AMS math features
\@mathmargin=\skip43

For additional information on amsmath, use the `?' option.
(/usr/share/texlive/texmf-dist/tex/latex/amsmath/amstext.sty
Package: amstext 2000/06/29 v2.01 AMS text

(/usr/share/texlive/texmf-dist/tex/latex/amsmath/amsgen.sty
File: amsgen.sty 1999/11/30 v2.0 generic functions
\@emptytoks=\toks14
\ex@=\dimen104
))
(/usr/share/texlive/texmf-dist/tex/latex/amsmath/amsbsy.sty
Package: amsbsy 1999/11/29 v1.2d Bold Symbols
\pmbraise@=\dimen105
)
(/usr/share/texlive/texmf-dist/tex/latex/amsmath/amsopn.sty
Package: amsopn 2016/03/08 v2.02 operator names
)
\inf@bad=\count89
LaTeX Info: Redefining \frac on input line 213.
\uproot@=\count90
\leftroot@=\count91
LaTeX Info: Redefining \overline on input line 375.
\classnum@=\count92
\DOTSCASE@=\count93
LaTeX Info: Redefining \ldots on input line 472.
LaTeX Info: Redefining \dots on input line 475.
LaTeX Info: Redefining \cdots on input line 596.
\Mathstrutbox@=\box26
\strutbox@=\box27
\big@size=\dimen106
LaTeX Font Info:    Redeclaring font encoding OML on input line 712.
LaTeX Font Info:    Redeclaring font encoding OMS on input line 713.
\macc@depth=\count94
\c@MaxMatrixCols=\count95
\dotsspace@=\muskip10
\c@parentequation=\count96
\dspbrk@lvl=\count97
\tag@help=\toks15
\row@=\count98
\column@=\count99
\maxfields@=\count100
\andhelp@=\toks16
\eqnshift@=\dimen107
\alignsep@=\dimen108
\tagshift@=\dimen109
\tagwidth@=\dimen110
\totwidth@=\dimen111
\lineht@=\dimen112
\@envbody=\toks17
\multlinegap=\skip44
\multlinetaggap=\skip45
\mathdisplay@stack=\toks18
LaTeX Info: Redefining \[ on input line 2817.
LaTeX Info: Redefining \] on input line 2818.
)
(/usr/share/texlive/texmf-dist/tex/latex/amscls/amsthm.sty
Package: amsthm 2017/10/31 v2.20.4
\thm@style=\toks19
\thm@bodyfont=\toks20
\thm@headfont=\toks21
\thm@notefont=\toks22
\thm@headpunct=\toks23
\thm@preskip=\skip46
\thm@postskip=\skip47
\thm@headsep=\skip48
\dth@everypar=\toks24
)
(/usr/share/texlive/texmf-dist/tex/latex/amsfonts/amssymb.sty
Package: amssymb 2013/01/14 v3.01 AMS font symbols

(/usr/share/texlive/texmf-dist/tex/latex/amsfonts/amsfonts.sty
Package: amsfonts 2013/01/14 v3.01 Basic AMSFonts support
\symAMSa=\mathgroup4
\symAMSb=\mathgroup5
LaTeX Font Info:    Overwriting math alphabet `\mathfrak' in version `bold'
(Font)                  U/euf/m/n --> U/euf/b/n on input line 106.
))
(/usr/share/texlive/texmf-dist/tex/latex/bbm-macros/bbm.sty
Package: bbm 1999/03/15 V 1.2 provides fonts for set symbols - TH
LaTeX Font Info:    Overwriting math alphabet `\mathbbm' in version `bold'
(Font)                  U/bbm/m/n --> U/bbm/bx/n on input line 33.
LaTeX Font Info:    Overwriting math alphabet `\mathbbmss' in version `bold'
(Font)                  U/bbmss/m/n --> U/bbmss/bx/n on input line 35.
)
(/usr/share/texlive/texmf-dist/tex/latex/mathtools/mathtools.sty
Package: mathtools 2018/01/08 v1.21 mathematical typesetting tools

(/usr/share/texlive/texmf-dist/tex/latex/graphics/keyval.sty
Package: keyval 2014/10/28 v1.15 key=value parser (DPC)
\KV@toks@=\toks25
)
(/usr/share/texlive/texmf-dist/tex/latex/tools/calc.sty
Package: calc 2014/10/28 v4.3 Infix arithmetic (KKT,FJ)
\calc@Acount=\count101
\calc@Bcount=\count102
\calc@Adimen=\dimen113
\calc@Bdimen=\dimen114
\calc@Askip=\skip49
\calc@Bskip=\skip50
LaTeX Info: Redefining \setlength on input line 80.
LaTeX Info: Redefining \addtolength on input line 81.
\calc@Ccount=\count103
\calc@Cskip=\skip51
)
(/usr/share/texlive/texmf-dist/tex/latex/mathtools/mhsetup.sty
Package: mhsetup 2017/03/31 v1.3 programming setup (MH)
)
LaTeX Info: Thecontrolsequence`\('isalreadyrobust on input line 129.
LaTeX Info: Thecontrolsequence`\)'isalreadyrobust on input line 129.
LaTeX Info: Thecontrolsequence`\['isalreadyrobust on input line 129.
LaTeX Info: Thecontrolsequence`\]'isalreadyrobust on input line 129.
\g_MT_multlinerow_int=\count104
\l_MT_multwidth_dim=\dimen115
\origjot=\skip52
\l_MT_shortvdotswithinadjustabove_dim=\dimen116
\l_MT_shortvdotswithinadjustbelow_dim=\dimen117
\l_MT_above_intertext_sep=\dimen118
\l_MT_below_intertext_sep=\dimen119
\l_MT_above_shortintertext_sep=\dimen120
\l_MT_below_shortintertext_sep=\dimen121
)
(/usr/share/texlive/texmf-dist/tex/latex/capt-of/capt-of.sty
Package: capt-of 2009/12/29 v0.2 standard captions outside of floats
)
(/usr/share/texlive/texmf-dist/tex/latex/csquotes/csquotes.sty
Package: csquotes 2018/02/11 v5.2c context-sensitive quotations (JAW)

(/usr/share/texlive/texmf-dist/tex/latex/etoolbox/etoolbox.sty
Package: etoolbox 2018/02/11 v2.5e e-TeX tools for LaTeX (JAW)
\etb@tempcnta=\count105
)
\csq@reset=\count106
\csq@gtype=\count107
\csq@glevel=\count108
\csq@qlevel=\count109
\csq@maxlvl=\count110
\csq@tshold=\count111
\csq@ltx@everypar=\toks26

(/usr/share/texlive/texmf-dist/tex/latex/csquotes/csquotes.def
File: csquotes.def 2018/02/11 v5.2c csquotes generic definitions (JAW)
)
Package csquotes Info: Trying to load configuration file 'csquotes.cfg'...
Package csquotes Info: ... configuration file loaded successfully.

(/usr/share/texlive/texmf-dist/tex/latex/csquotes/csquotes.cfg
File: csquotes.cfg 
))
(/usr/share/texlive/texmf-dist/tex/latex/listings/listings.sty
\lst@mode=\count112
\lst@gtempboxa=\box28
\lst@token=\toks27
\lst@length=\count113
\lst@currlwidth=\dimen122
\lst@column=\count114
\lst@pos=\count115
\lst@lostspace=\dimen123
\lst@width=\dimen124
\lst@newlines=\count116
\lst@lineno=\count117
\lst@maxwidth=\dimen125

(/usr/share/texlive/texmf-dist/tex/latex/listings/lstmisc.sty
File: lstmisc.sty 2015/06/04 1.6 (Carsten Heinz)
\c@lstnumber=\count118
\lst@skipnumbers=\count119
\lst@framebox=\box29
)
(/usr/share/texlive/texmf-dist/tex/latex/listings/listings.cfg
File: listings.cfg 2015/06/04 1.6 listings configuration
))
Package: listings 2015/06/04 1.6 (Carsten Heinz)

(./lstHaskell.tex) (/usr/share/texlive/texmf-dist/tex/latex/graphics/color.sty
Package: color 2016/07/10 v1.1e Standard LaTeX Color (DPC)

(/usr/share/texlive/texmf-dist/tex/latex/graphics-cfg/color.cfg
File: color.cfg 2016/01/02 v1.6 sample color configuration
)
Package color Info: Driver file: pdftex.def on input line 147.

(/usr/share/texlive/texmf-dist/tex/latex/graphics-def/pdftex.def
File: pdftex.def 2018/01/08 v1.0l Graphics/color driver for pdftex
))
\c@Theorem=\count120
\c@Beispiel=\count121

(/usr/share/texlive/texmf-dist/tex/latex/tikz-cd/tikz-cd.sty
Package: tikz-cd 2014/10/30 v0.9e Commutative diagrams with tikz

(/usr/share/texlive/texmf-dist/tex/latex/pgf/frontendlayer/tikz.sty
(/usr/share/texlive/texmf-dist/tex/latex/pgf/basiclayer/pgf.sty
(/usr/share/texlive/texmf-dist/tex/latex/pgf/utilities/pgfrcs.sty
(/usr/share/texlive/texmf-dist/tex/generic/pgf/utilities/pgfutil-common.tex
\pgfutil@everybye=\toks28
\pgfutil@tempdima=\dimen126
\pgfutil@tempdimb=\dimen127

(/usr/share/texlive/texmf-dist/tex/generic/pgf/utilities/pgfutil-common-lists.t
ex)) (/usr/share/texlive/texmf-dist/tex/generic/pgf/utilities/pgfutil-latex.def
\pgfutil@abb=\box30
(/usr/share/texlive/texmf-dist/tex/latex/ms/everyshi.sty
Package: everyshi 2001/05/15 v3.00 EveryShipout Package (MS)
))
(/usr/share/texlive/texmf-dist/tex/generic/pgf/utilities/pgfrcs.code.tex
Package: pgfrcs 2015/08/07 v3.0.1a (rcs-revision 1.31)
))
Package: pgf 2015/08/07 v3.0.1a (rcs-revision 1.15)

(/usr/share/texlive/texmf-dist/tex/latex/pgf/basiclayer/pgfcore.sty
(/usr/share/texlive/texmf-dist/tex/latex/graphics/graphicx.sty
Package: graphicx 2017/06/01 v1.1a Enhanced LaTeX Graphics (DPC,SPQR)

(/usr/share/texlive/texmf-dist/tex/latex/graphics/graphics.sty
Package: graphics 2017/06/25 v1.2c Standard LaTeX Graphics (DPC,SPQR)

(/usr/share/texlive/texmf-dist/tex/latex/graphics/trig.sty
Package: trig 2016/01/03 v1.10 sin cos tan (DPC)
)
(/usr/share/texlive/texmf-dist/tex/latex/graphics-cfg/graphics.cfg
File: graphics.cfg 2016/06/04 v1.11 sample graphics configuration
)
Package graphics Info: Driver file: pdftex.def on input line 99.
)
\Gin@req@height=\dimen128
\Gin@req@width=\dimen129
)
(/usr/share/texlive/texmf-dist/tex/latex/pgf/systemlayer/pgfsys.sty
(/usr/share/texlive/texmf-dist/tex/generic/pgf/systemlayer/pgfsys.code.tex
Package: pgfsys 2014/07/09 v3.0.1a (rcs-revision 1.48)

(/usr/share/texlive/texmf-dist/tex/generic/pgf/utilities/pgfkeys.code.tex
\pgfkeys@pathtoks=\toks29
\pgfkeys@temptoks=\toks30

(/usr/share/texlive/texmf-dist/tex/generic/pgf/utilities/pgfkeysfiltered.code.t
ex
\pgfkeys@tmptoks=\toks31
))
\pgf@x=\dimen130
\pgf@y=\dimen131
\pgf@xa=\dimen132
\pgf@ya=\dimen133
\pgf@xb=\dimen134
\pgf@yb=\dimen135
\pgf@xc=\dimen136
\pgf@yc=\dimen137
\w@pgf@writea=\write3
\r@pgf@reada=\read1
\c@pgf@counta=\count122
\c@pgf@countb=\count123
\c@pgf@countc=\count124
\c@pgf@countd=\count125
\t@pgf@toka=\toks32
\t@pgf@tokb=\toks33
\t@pgf@tokc=\toks34
 (/usr/share/texlive/texmf-dist/tex/generic/pgf/systemlayer/pgf.cfg
File: pgf.cfg 2008/05/14  (rcs-revision 1.7)
)
Driver file for pgf: pgfsys-pdftex.def

(/usr/share/texlive/texmf-dist/tex/generic/pgf/systemlayer/pgfsys-pdftex.def
File: pgfsys-pdftex.def 2014/10/11  (rcs-revision 1.35)

(/usr/share/texlive/texmf-dist/tex/generic/pgf/systemlayer/pgfsys-common-pdf.de
f
File: pgfsys-common-pdf.def 2013/10/10  (rcs-revision 1.13)
)))
(/usr/share/texlive/texmf-dist/tex/generic/pgf/systemlayer/pgfsyssoftpath.code.
tex
File: pgfsyssoftpath.code.tex 2013/09/09  (rcs-revision 1.9)
\pgfsyssoftpath@smallbuffer@items=\count126
\pgfsyssoftpath@bigbuffer@items=\count127
)
(/usr/share/texlive/texmf-dist/tex/generic/pgf/systemlayer/pgfsysprotocol.code.
tex
File: pgfsysprotocol.code.tex 2006/10/16  (rcs-revision 1.4)
)) (/usr/share/texlive/texmf-dist/tex/latex/xcolor/xcolor.sty
Package: xcolor 2016/05/11 v2.12 LaTeX color extensions (UK)

(/usr/share/texlive/texmf-dist/tex/latex/graphics-cfg/color.cfg
File: color.cfg 2016/01/02 v1.6 sample color configuration
)
Package xcolor Info: Driver file: pdftex.def on input line 225.
LaTeX Info: Redefining \color on input line 709.
Package xcolor Info: Model `cmy' substituted by `cmy0' on input line 1348.
Package xcolor Info: Model `hsb' substituted by `rgb' on input line 1352.
Package xcolor Info: Model `RGB' extended on input line 1364.
Package xcolor Info: Model `HTML' substituted by `rgb' on input line 1366.
Package xcolor Info: Model `Hsb' substituted by `hsb' on input line 1367.
Package xcolor Info: Model `tHsb' substituted by `hsb' on input line 1368.
Package xcolor Info: Model `HSB' substituted by `hsb' on input line 1369.
Package xcolor Info: Model `Gray' substituted by `gray' on input line 1370.
Package xcolor Info: Model `wave' substituted by `hsb' on input line 1371.
)
(/usr/share/texlive/texmf-dist/tex/generic/pgf/basiclayer/pgfcore.code.tex
Package: pgfcore 2010/04/11 v3.0.1a (rcs-revision 1.7)

(/usr/share/texlive/texmf-dist/tex/generic/pgf/math/pgfmath.code.tex
(/usr/share/texlive/texmf-dist/tex/generic/pgf/math/pgfmathcalc.code.tex
(/usr/share/texlive/texmf-dist/tex/generic/pgf/math/pgfmathutil.code.tex)
(/usr/share/texlive/texmf-dist/tex/generic/pgf/math/pgfmathparser.code.tex
\pgfmath@dimen=\dimen138
\pgfmath@count=\count128
\pgfmath@box=\box31
\pgfmath@toks=\toks35
\pgfmath@stack@operand=\toks36
\pgfmath@stack@operation=\toks37
)
(/usr/share/texlive/texmf-dist/tex/generic/pgf/math/pgfmathfunctions.code.tex
(/usr/share/texlive/texmf-dist/tex/generic/pgf/math/pgfmathfunctions.basic.code
.tex)
(/usr/share/texlive/texmf-dist/tex/generic/pgf/math/pgfmathfunctions.trigonomet
ric.code.tex)
(/usr/share/texlive/texmf-dist/tex/generic/pgf/math/pgfmathfunctions.random.cod
e.tex)
(/usr/share/texlive/texmf-dist/tex/generic/pgf/math/pgfmathfunctions.comparison
.code.tex)
(/usr/share/texlive/texmf-dist/tex/generic/pgf/math/pgfmathfunctions.base.code.
tex)
(/usr/share/texlive/texmf-dist/tex/generic/pgf/math/pgfmathfunctions.round.code
.tex)
(/usr/share/texlive/texmf-dist/tex/generic/pgf/math/pgfmathfunctions.misc.code.
tex)
(/usr/share/texlive/texmf-dist/tex/generic/pgf/math/pgfmathfunctions.integerari
thmetics.code.tex)))
(/usr/share/texlive/texmf-dist/tex/generic/pgf/math/pgfmathfloat.code.tex
\c@pgfmathroundto@lastzeros=\count129
))
(/usr/share/texlive/texmf-dist/tex/generic/pgf/basiclayer/pgfcorepoints.code.te
x
File: pgfcorepoints.code.tex 2013/10/07  (rcs-revision 1.27)
\pgf@picminx=\dimen139
\pgf@picmaxx=\dimen140
\pgf@picminy=\dimen141
\pgf@picmaxy=\dimen142
\pgf@pathminx=\dimen143
\pgf@pathmaxx=\dimen144
\pgf@pathminy=\dimen145
\pgf@pathmaxy=\dimen146
\pgf@xx=\dimen147
\pgf@xy=\dimen148
\pgf@yx=\dimen149
\pgf@yy=\dimen150
\pgf@zx=\dimen151
\pgf@zy=\dimen152
)
(/usr/share/texlive/texmf-dist/tex/generic/pgf/basiclayer/pgfcorepathconstruct.
code.tex
File: pgfcorepathconstruct.code.tex 2013/10/07  (rcs-revision 1.29)
\pgf@path@lastx=\dimen153
\pgf@path@lasty=\dimen154
)
(/usr/share/texlive/texmf-dist/tex/generic/pgf/basiclayer/pgfcorepathusage.code
.tex
File: pgfcorepathusage.code.tex 2014/11/02  (rcs-revision 1.24)
\pgf@shorten@end@additional=\dimen155
\pgf@shorten@start@additional=\dimen156
)
(/usr/share/texlive/texmf-dist/tex/generic/pgf/basiclayer/pgfcorescopes.code.te
x
File: pgfcorescopes.code.tex 2015/05/08  (rcs-revision 1.46)
\pgfpic=\box32
\pgf@hbox=\box33
\pgf@layerbox@main=\box34
\pgf@picture@serial@count=\count130
)
(/usr/share/texlive/texmf-dist/tex/generic/pgf/basiclayer/pgfcoregraphicstate.c
ode.tex
File: pgfcoregraphicstate.code.tex 2014/11/02  (rcs-revision 1.12)
\pgflinewidth=\dimen157
)
(/usr/share/texlive/texmf-dist/tex/generic/pgf/basiclayer/pgfcoretransformation
s.code.tex
File: pgfcoretransformations.code.tex 2015/08/07  (rcs-revision 1.20)
\pgf@pt@x=\dimen158
\pgf@pt@y=\dimen159
\pgf@pt@temp=\dimen160
)
(/usr/share/texlive/texmf-dist/tex/generic/pgf/basiclayer/pgfcorequick.code.tex
File: pgfcorequick.code.tex 2008/10/09  (rcs-revision 1.3)
)
(/usr/share/texlive/texmf-dist/tex/generic/pgf/basiclayer/pgfcoreobjects.code.t
ex
File: pgfcoreobjects.code.tex 2006/10/11  (rcs-revision 1.2)
)
(/usr/share/texlive/texmf-dist/tex/generic/pgf/basiclayer/pgfcorepathprocessing
.code.tex
File: pgfcorepathprocessing.code.tex 2013/09/09  (rcs-revision 1.9)
)
(/usr/share/texlive/texmf-dist/tex/generic/pgf/basiclayer/pgfcorearrows.code.te
x
File: pgfcorearrows.code.tex 2015/05/14  (rcs-revision 1.43)
\pgfarrowsep=\dimen161
)
(/usr/share/texlive/texmf-dist/tex/generic/pgf/basiclayer/pgfcoreshade.code.tex
File: pgfcoreshade.code.tex 2013/07/15  (rcs-revision 1.15)
\pgf@max=\dimen162
\pgf@sys@shading@range@num=\count131
)
(/usr/share/texlive/texmf-dist/tex/generic/pgf/basiclayer/pgfcoreimage.code.tex
File: pgfcoreimage.code.tex 2013/07/15  (rcs-revision 1.18)

(/usr/share/texlive/texmf-dist/tex/generic/pgf/basiclayer/pgfcoreexternal.code.
tex
File: pgfcoreexternal.code.tex 2014/07/09  (rcs-revision 1.21)
\pgfexternal@startupbox=\box35
))
(/usr/share/texlive/texmf-dist/tex/generic/pgf/basiclayer/pgfcorelayers.code.te
x
File: pgfcorelayers.code.tex 2013/07/18  (rcs-revision 1.7)
)
(/usr/share/texlive/texmf-dist/tex/generic/pgf/basiclayer/pgfcoretransparency.c
ode.tex
File: pgfcoretransparency.code.tex 2013/09/30  (rcs-revision 1.5)
)
(/usr/share/texlive/texmf-dist/tex/generic/pgf/basiclayer/pgfcorepatterns.code.
tex
File: pgfcorepatterns.code.tex 2013/11/07  (rcs-revision 1.5)
)))
(/usr/share/texlive/texmf-dist/tex/generic/pgf/modules/pgfmoduleshapes.code.tex
File: pgfmoduleshapes.code.tex 2014/03/21  (rcs-revision 1.35)
\pgfnodeparttextbox=\box36
) (/usr/share/texlive/texmf-dist/tex/generic/pgf/modules/pgfmoduleplot.code.tex
File: pgfmoduleplot.code.tex 2015/08/03  (rcs-revision 1.13)
)
(/usr/share/texlive/texmf-dist/tex/latex/pgf/compatibility/pgfcomp-version-0-65
.sty
Package: pgfcomp-version-0-65 2007/07/03 v3.0.1a (rcs-revision 1.7)
\pgf@nodesepstart=\dimen163
\pgf@nodesepend=\dimen164
)
(/usr/share/texlive/texmf-dist/tex/latex/pgf/compatibility/pgfcomp-version-1-18
.sty
Package: pgfcomp-version-1-18 2007/07/23 v3.0.1a (rcs-revision 1.1)
)) (/usr/share/texlive/texmf-dist/tex/latex/pgf/utilities/pgffor.sty
(/usr/share/texlive/texmf-dist/tex/latex/pgf/utilities/pgfkeys.sty
(/usr/share/texlive/texmf-dist/tex/generic/pgf/utilities/pgfkeys.code.tex))
(/usr/share/texlive/texmf-dist/tex/latex/pgf/math/pgfmath.sty
(/usr/share/texlive/texmf-dist/tex/generic/pgf/math/pgfmath.code.tex))
(/usr/share/texlive/texmf-dist/tex/generic/pgf/utilities/pgffor.code.tex
Package: pgffor 2013/12/13 v3.0.1a (rcs-revision 1.25)

(/usr/share/texlive/texmf-dist/tex/generic/pgf/math/pgfmath.code.tex)
\pgffor@iter=\dimen165
\pgffor@skip=\dimen166
\pgffor@stack=\toks38
\pgffor@toks=\toks39
))
(/usr/share/texlive/texmf-dist/tex/generic/pgf/frontendlayer/tikz/tikz.code.tex
Package: tikz 2015/08/07 v3.0.1a (rcs-revision 1.151)

(/usr/share/texlive/texmf-dist/tex/generic/pgf/libraries/pgflibraryplothandlers
.code.tex
File: pgflibraryplothandlers.code.tex 2013/08/31 v3.0.1a (rcs-revision 1.20)
\pgf@plot@mark@count=\count132
\pgfplotmarksize=\dimen167
)
\tikz@lastx=\dimen168
\tikz@lasty=\dimen169
\tikz@lastxsaved=\dimen170
\tikz@lastysaved=\dimen171
\tikzleveldistance=\dimen172
\tikzsiblingdistance=\dimen173
\tikz@figbox=\box37
\tikz@figbox@bg=\box38
\tikz@tempbox=\box39
\tikz@tempbox@bg=\box40
\tikztreelevel=\count133
\tikznumberofchildren=\count134
\tikznumberofcurrentchild=\count135
\tikz@fig@count=\count136

(/usr/share/texlive/texmf-dist/tex/generic/pgf/modules/pgfmodulematrix.code.tex
File: pgfmodulematrix.code.tex 2013/09/17  (rcs-revision 1.8)
\pgfmatrixcurrentrow=\count137
\pgfmatrixcurrentcolumn=\count138
\pgf@matrix@numberofcolumns=\count139
)
\tikz@expandcount=\count140

(/usr/share/texlive/texmf-dist/tex/generic/pgf/frontendlayer/tikz/libraries/tik
zlibrarytopaths.code.tex
File: tikzlibrarytopaths.code.tex 2008/06/17 v3.0.1a (rcs-revision 1.2)
)))
(/usr/share/texlive/texmf-dist/tex/generic/tikz-cd/tikzlibrarycd.code.tex
(/usr/share/texlive/texmf-dist/tex/generic/pgf/frontendlayer/tikz/libraries/tik
zlibrarymatrix.code.tex
File: tikzlibrarymatrix.code.tex 2013/07/12 v3.0.1a (rcs-revision 1.4)
)
(/usr/share/texlive/texmf-dist/tex/generic/pgf/frontendlayer/tikz/libraries/tik
zlibraryquotes.code.tex
File: tikzlibraryquotes.code.tex 2014/03/21 v3.0.1a (rcs-revision 1.4)
)
(/usr/share/texlive/texmf-dist/tex/generic/pgf/libraries/pgflibraryarrows.meta.
code.tex
File: pgflibraryarrows.meta.code.tex 2015/05/13 v3.0.1a (rcs-revision 1.13)
\pgfarrowinset=\dimen174
\pgfarrowlength=\dimen175
\pgfarrowwidth=\dimen176
\pgfarrowlinewidth=\dimen177
))) (./quiver.sty
Package: quiver 2021/01/11 quiver

(/usr/share/texlive/texmf-dist/tex/generic/pgf/frontendlayer/tikz/libraries/tik
zlibrarycalc.code.tex
File: tikzlibrarycalc.code.tex 2013/07/15 v3.0.1a (rcs-revision 1.9)
)
(/usr/share/texlive/texmf-dist/tex/generic/pgf/frontendlayer/tikz/libraries/tik
zlibrarydecorations.pathmorphing.code.tex
(/usr/share/texlive/texmf-dist/tex/generic/pgf/frontendlayer/tikz/libraries/tik
zlibrarydecorations.code.tex
(/usr/share/texlive/texmf-dist/tex/generic/pgf/modules/pgfmoduledecorations.cod
e.tex
\pgfdecoratedcompleteddistance=\dimen178
\pgfdecoratedremainingdistance=\dimen179
\pgfdecoratedinputsegmentcompleteddistance=\dimen180
\pgfdecoratedinputsegmentremainingdistance=\dimen181
\pgf@decorate@distancetomove=\dimen182
\pgf@decorate@repeatstate=\count141
\pgfdecorationsegmentamplitude=\dimen183
\pgfdecorationsegmentlength=\dimen184
)
\tikz@lib@dec@box=\box41
)
(/usr/share/texlive/texmf-dist/tex/generic/pgf/libraries/decorations/pgflibrary
decorations.pathmorphing.code.tex)))
(/usr/share/texlive/texmf-dist/tex/latex/hyperref/hyperref.sty
Package: hyperref 2018/02/06 v6.86b Hypertext links for LaTeX

(/usr/share/texlive/texmf-dist/tex/generic/oberdiek/hobsub-hyperref.sty
Package: hobsub-hyperref 2016/05/16 v1.14 Bundle oberdiek, subset hyperref (HO)


(/usr/share/texlive/texmf-dist/tex/generic/oberdiek/hobsub-generic.sty
Package: hobsub-generic 2016/05/16 v1.14 Bundle oberdiek, subset generic (HO)
Package: hobsub 2016/05/16 v1.14 Construct package bundles (HO)
Package: infwarerr 2016/05/16 v1.4 Providing info/warning/error messages (HO)
Package: ltxcmds 2016/05/16 v1.23 LaTeX kernel commands for general use (HO)
Package: ifluatex 2016/05/16 v1.4 Provides the ifluatex switch (HO)
Package ifluatex Info: LuaTeX not detected.
Package: ifvtex 2016/05/16 v1.6 Detect VTeX and its facilities (HO)
Package ifvtex Info: VTeX not detected.
Package: intcalc 2016/05/16 v1.2 Expandable calculations with integers (HO)
Package: ifpdf 2017/03/15 v3.2 Provides the ifpdf switch
Package: etexcmds 2016/05/16 v1.6 Avoid name clashes with e-TeX commands (HO)
Package etexcmds Info: Could not find \expanded.
(etexcmds)             That can mean that you are not using pdfTeX 1.50 or
(etexcmds)             that some package has redefined \expanded.
(etexcmds)             In the latter case, load this package earlier.
Package: kvsetkeys 2016/05/16 v1.17 Key value parser (HO)
Package: kvdefinekeys 2016/05/16 v1.4 Define keys (HO)
Package: pdftexcmds 2018/01/21 v0.26 Utility functions of pdfTeX for LuaTeX (HO
)
Package pdftexcmds Info: LuaTeX not detected.
Package pdftexcmds Info: \pdf@primitive is available.
Package pdftexcmds Info: \pdf@ifprimitive is available.
Package pdftexcmds Info: \pdfdraftmode found.
Package: pdfescape 2016/05/16 v1.14 Implements pdfTeX's escape features (HO)
Package: bigintcalc 2016/05/16 v1.4 Expandable calculations on big integers (HO
)
Package: bitset 2016/05/16 v1.2 Handle bit-vector datatype (HO)
Package: uniquecounter 2016/05/16 v1.3 Provide unlimited unique counter (HO)
)
Package hobsub Info: Skipping package `hobsub' (already loaded).
Package: letltxmacro 2016/05/16 v1.5 Let assignment for LaTeX macros (HO)
Package: hopatch 2016/05/16 v1.3 Wrapper for package hooks (HO)
Package: xcolor-patch 2016/05/16 xcolor patch
Package: atveryend 2016/05/16 v1.9 Hooks at the very end of document (HO)
Package: atbegshi 2016/06/09 v1.18 At begin shipout hook (HO)
Package: refcount 2016/05/16 v3.5 Data extraction from label references (HO)
Package: hycolor 2016/05/16 v1.8 Color options for hyperref/bookmark (HO)
)
(/usr/share/texlive/texmf-dist/tex/generic/ifxetex/ifxetex.sty
Package: ifxetex 2010/09/12 v0.6 Provides ifxetex conditional
)
(/usr/share/texlive/texmf-dist/tex/latex/oberdiek/auxhook.sty
Package: auxhook 2016/05/16 v1.4 Hooks for auxiliary files (HO)
)
(/usr/share/texlive/texmf-dist/tex/latex/oberdiek/kvoptions.sty
Package: kvoptions 2016/05/16 v3.12 Key value format for package options (HO)
)
\@linkdim=\dimen185
\Hy@linkcounter=\count142
\Hy@pagecounter=\count143

(/usr/share/texlive/texmf-dist/tex/latex/hyperref/pd1enc.def
File: pd1enc.def 2018/02/06 v6.86b Hyperref: PDFDocEncoding definition (HO)
)
\Hy@SavedSpaceFactor=\count144

(/usr/share/texlive/texmf-dist/tex/latex/latexconfig/hyperref.cfg
File: hyperref.cfg 2002/06/06 v1.2 hyperref configuration of TeXLive
)
Package hyperref Info: Hyper figures OFF on input line 4509.
Package hyperref Info: Link nesting OFF on input line 4514.
Package hyperref Info: Hyper index ON on input line 4517.
Package hyperref Info: Plain pages OFF on input line 4524.
Package hyperref Info: Backreferencing OFF on input line 4529.
Package hyperref Info: Implicit mode ON; LaTeX internals redefined.
Package hyperref Info: Bookmarks ON on input line 4762.
\c@Hy@tempcnt=\count145

(/usr/share/texlive/texmf-dist/tex/latex/url/url.sty
\Urlmuskip=\muskip11
Package: url 2013/09/16  ver 3.4  Verb mode for urls, etc.
)
LaTeX Info: Redefining \url on input line 5115.
\XeTeXLinkMargin=\dimen186
\Fld@menulength=\count146
\Field@Width=\dimen187
\Fld@charsize=\dimen188
Package hyperref Info: Hyper figures OFF on input line 6369.
Package hyperref Info: Link nesting OFF on input line 6374.
Package hyperref Info: Hyper index ON on input line 6377.
Package hyperref Info: backreferencing OFF on input line 6384.
Package hyperref Info: Link coloring OFF on input line 6389.
Package hyperref Info: Link coloring with OCG OFF on input line 6394.
Package hyperref Info: PDF/A mode OFF on input line 6399.
LaTeX Info: Redefining \ref on input line 6439.
LaTeX Info: Redefining \pageref on input line 6443.
\Hy@abspage=\count147
\c@Item=\count148
\c@Hfootnote=\count149
)
Package hyperref Info: Driver (autodetected): hpdftex.

(/usr/share/texlive/texmf-dist/tex/latex/hyperref/hpdftex.def
File: hpdftex.def 2018/02/06 v6.86b Hyperref driver for pdfTeX
\Fld@listcount=\count150
\c@bookmark@seq@number=\count151

(/usr/share/texlive/texmf-dist/tex/latex/oberdiek/rerunfilecheck.sty
Package: rerunfilecheck 2016/05/16 v1.8 Rerun checks for auxiliary files (HO)
Package uniquecounter Info: New unique counter `rerunfilecheck' on input line 2
82.
)
\Hy@SectionHShift=\skip53
)
(/usr/share/texlive/texmf-dist/tex/latex/biblatex/biblatex.sty
Package: biblatex 2017/12/19 v3.10 programmable bibliographies (PK/JW/AB)

(/usr/share/texlive/texmf-dist/tex/latex/logreq/logreq.sty
Package: logreq 2010/08/04 v1.0 xml request logger
\lrq@indent=\count152

(/usr/share/texlive/texmf-dist/tex/latex/logreq/logreq.def
File: logreq.def 2010/08/04 v1.0 logreq spec v1.0
))
(/usr/share/texlive/texmf-dist/tex/latex/base/ifthen.sty
Package: ifthen 2014/09/29 v1.1c Standard LaTeX ifthen package (DPC)
)
(/usr/share/texlive/texmf-dist/tex/generic/xstring/xstring.sty
(/usr/share/texlive/texmf-dist/tex/generic/xstring/xstring.tex
\@xs@message=\write4
\integerpart=\count153
\decimalpart=\count154
)
Package: xstring 2013/10/13  v1.7c  String manipulations (C Tellechea)
)
\c@tabx@nest=\count155
\c@listtotal=\count156
\c@listcount=\count157
\c@liststart=\count158
\c@liststop=\count159
\c@citecount=\count160
\c@citetotal=\count161
\c@multicitecount=\count162
\c@multicitetotal=\count163
\c@instcount=\count164
\c@maxnames=\count165
\c@minnames=\count166
\c@maxitems=\count167
\c@minitems=\count168
\c@citecounter=\count169
\c@savedcitecounter=\count170
\c@uniquelist=\count171
\c@uniquename=\count172
\c@refsection=\count173
\c@refsegment=\count174
\c@maxextratitle=\count175
\c@maxextratitleyear=\count176
\c@maxextradate=\count177
\c@maxextraalpha=\count178
\c@abbrvpenalty=\count179
\c@highnamepenalty=\count180
\c@lownamepenalty=\count181
\c@maxparens=\count182
\c@parenlevel=\count183
\blx@tempcnta=\count184
\blx@tempcntb=\count185
\blx@tempcntc=\count186
\blx@maxsection=\count187
\blx@maxsegment@0=\count188
\blx@notetype=\count189
\blx@parenlevel@text=\count190
\blx@parenlevel@foot=\count191
\blx@sectionciteorder@0=\count192
\labelnumberwidth=\skip54
\labelalphawidth=\skip55
\biblabelsep=\skip56
\bibitemsep=\skip57
\bibnamesep=\skip58
\bibinitsep=\skip59
\bibparsep=\skip60
\bibhang=\skip61
\blx@bcfin=\read2
\blx@bcfout=\write5
\c@mincomprange=\count193
\c@maxcomprange=\count194
\c@mincompwidth=\count195
Package biblatex Info: Trying to load biblatex default data model...
Package biblatex Info: ... file 'blx-dm.def' found.

(/usr/share/texlive/texmf-dist/tex/latex/biblatex/blx-dm.def)
Package biblatex Info: Trying to load biblatex style data model...
Package biblatex Info: ... file 'alphabetic.dbx' not found.
Package biblatex Info: Trying to load biblatex custom data model...
Package biblatex Info: ... file 'biblatex-dm.cfg' not found.
\c@afterword=\count196
\c@savedafterword=\count197
\c@annotator=\count198
\c@savedannotator=\count199
\c@author=\count266
\c@savedauthor=\count267
\c@bookauthor=\count268
\c@savedbookauthor=\count269
\c@commentator=\count270
\c@savedcommentator=\count271
\c@editor=\count272
\c@savededitor=\count273
\c@editora=\count274
\c@savededitora=\count275
\c@editorb=\count276
\c@savededitorb=\count277
\c@editorc=\count278
\c@savededitorc=\count279
\c@foreword=\count280
\c@savedforeword=\count281
\c@holder=\count282
\c@savedholder=\count283
\c@introduction=\count284
\c@savedintroduction=\count285
\c@namea=\count286
\c@savednamea=\count287
\c@nameb=\count288
\c@savednameb=\count289
\c@namec=\count290
\c@savednamec=\count291
\c@translator=\count292
\c@savedtranslator=\count293
\c@shortauthor=\count294
\c@savedshortauthor=\count295
\c@shorteditor=\count296
\c@savedshorteditor=\count297
\c@labelname=\count298
\c@savedlabelname=\count299
\c@institution=\count300
\c@savedinstitution=\count301
\c@lista=\count302
\c@savedlista=\count303
\c@listb=\count304
\c@savedlistb=\count305
\c@listc=\count306
\c@savedlistc=\count307
\c@listd=\count308
\c@savedlistd=\count309
\c@liste=\count310
\c@savedliste=\count311
\c@listf=\count312
\c@savedlistf=\count313
\c@location=\count314
\c@savedlocation=\count315
\c@organization=\count316
\c@savedorganization=\count317
\c@origlocation=\count318
\c@savedoriglocation=\count319
\c@origpublisher=\count320
\c@savedorigpublisher=\count321
\c@publisher=\count322
\c@savedpublisher=\count323
\c@language=\count324
\c@savedlanguage=\count325
\c@origlanguage=\count326
\c@savedoriglanguage=\count327
\c@pageref=\count328
\c@savedpageref=\count329
\shorthandwidth=\skip62
\shortjournalwidth=\skip63
\shortserieswidth=\skip64
\shorttitlewidth=\skip65
\shortauthorwidth=\skip66
\shorteditorwidth=\skip67
Package biblatex Info: Trying to load compatibility code...
Package biblatex Info: ... file 'blx-compat.def' found.

(/usr/share/texlive/texmf-dist/tex/latex/biblatex/blx-compat.def
File: blx-compat.def 2017/12/19 v3.10 biblatex compatibility (PK/JW/AB)
)
Package biblatex Info: Trying to load BibTeX backend compatibility...
Package biblatex Info: ... file 'blx-bibtex.def' found.

(/usr/share/texlive/texmf-dist/tex/latex/biblatex/blx-bibtex.def
File: blx-bibtex.def 2017/12/19 v3.10 biblatex compatibility (PK/JW/AB)


Package biblatex Warning: Using fall-back BibTeX(8) backend:
(biblatex)                functionality may be reduced/unavailable.

)
Package biblatex Info: Trying to load generic definitions...
Package biblatex Info: ... file 'biblatex.def' found.
 (/usr/share/texlive/texmf-dist/tex/latex/biblatex/biblatex.def
File: biblatex.def 2017/12/19 v3.10 biblatex compatibility (PK/JW/AB)
\c@textcitecount=\count330
\c@textcitetotal=\count331
\c@textcitemaxnames=\count332
\c@biburlnumpenalty=\count333
\c@biburlucpenalty=\count334
\c@biburllcpenalty=\count335
\c@smartand=\count336
)
Package biblatex Info: Trying to load bibliography style 'alphabetic'...
Package biblatex Info: ... file 'alphabetic.bbx' found.

(/usr/share/texlive/texmf-dist/tex/latex/biblatex/bbx/alphabetic.bbx
File: alphabetic.bbx 2017/12/19 v3.10 biblatex bibliography style (PK/JW/AB)
Package biblatex Info: Trying to load bibliography style 'standard'...
Package biblatex Info: ... file 'standard.bbx' found.

(/usr/share/texlive/texmf-dist/tex/latex/biblatex/bbx/standard.bbx
File: standard.bbx 2017/12/19 v3.10 biblatex bibliography style (PK/JW/AB)
\c@bbx:relatedcount=\count337
\c@bbx:relatedtotal=\count338
))
Package biblatex Info: Trying to load citation style 'alphabetic'...
Package biblatex Info: ... file 'alphabetic.cbx' found.

(/usr/share/texlive/texmf-dist/tex/latex/biblatex/cbx/alphabetic.cbx
File: alphabetic.cbx 2017/12/19 v3.10 biblatex citation style (PK/JW/AB)
Package biblatex Info: Redefining '\cite'.
Package biblatex Info: Redefining '\parencite'.
Package biblatex Info: Redefining '\footcite'.
Package biblatex Info: Redefining '\footcitetext'.
Package biblatex Info: Redefining '\smartcite'.
Package biblatex Info: Redefining '\textcite'.
Package biblatex Info: Redefining '\textcites'.
Package biblatex Info: Redefining '\cites'.
Package biblatex Info: Redefining '\parencites'.
Package biblatex Info: Redefining '\smartcites'.
)
Package biblatex Info: Trying to load configuration file...
Package biblatex Info: ... file 'biblatex.cfg' found.

(/usr/share/texlive/texmf-dist/tex/latex/biblatex/biblatex.cfg
File: biblatex.cfg 
))
(/usr/share/texlive/texmf-dist/tex/generic/pgf/frontendlayer/tikz/libraries/tik
zlibrarybabel.code.tex
File: tikzlibrarybabel.code.tex 2013/06/24 v3.0.1a (rcs-revision 1.1)
) (./naproche.sty
Package: naproche 2021/02/04 Typesetting for Naproche formalizations
\c@theoremcount=\count339

(/usr/share/texlive/texmf-dist/tex/latex/tcolorbox/tcolorbox.sty
Package: tcolorbox 2018/01/12 version 4.12 text color boxes

(/usr/share/texlive/texmf-dist/tex/latex/tools/verbatim.sty
Package: verbatim 2014/10/28 v1.5q LaTeX2e package for verbatim enhancements
\every@verbatim=\toks40
\verbatim@line=\toks41
\verbatim@in@stream=\read3
)
(/usr/share/texlive/texmf-dist/tex/latex/environ/environ.sty
Package: environ 2014/05/04 v0.3 A new way to define environments

(/usr/share/texlive/texmf-dist/tex/latex/trimspaces/trimspaces.sty
Package: trimspaces 2009/09/17 v1.1 Trim spaces around a token list
))
\tcb@titlebox=\box42
\tcb@upperbox=\box43
\tcb@lowerbox=\box44
\tcb@phantombox=\box45
\c@tcbbreakpart=\count340
\c@tcblayer=\count341
\tcolorbox@number=\count342
\tcb@temp=\box46
\tcb@temp=\box47
\tcb@temp=\box48
\tcb@temp=\box49
\tcb@out=\write6
\tcb@record@out=\write7

(/usr/share/texlive/texmf-dist/tex/latex/tcolorbox/tcbraster.code.tex
Library (tcolorbox): 'tcbraster.code.tex' version '4.12'
\c@tcbrastercolumn=\count343
\c@tcbrasterrow=\count344
\c@tcbraster=\count345
) (/usr/share/texlive/texmf-dist/tex/latex/tcolorbox/tcbskins.code.tex
Library (tcolorbox): 'tcbskins.code.tex' version '4.12'
\tcb@waterbox=\box50
(/usr/share/texlive/texmf-dist/tex/latex/tcolorbox/tcbskinsjigsaw.code.tex
Library (tcolorbox): 'tcbskinsjigsaw.code.tex' version '4.12'
)) (/usr/share/texlive/texmf-dist/tex/latex/tcolorbox/tcbbreakable.code.tex
Library (tcolorbox): 'tcbbreakable.code.tex' version '4.12'
\tcb@testbox=\box51
\tcb@totalupperbox=\box52
\tcb@totallowerbox=\box53
) (/usr/share/texlive/texmf-dist/tex/latex/tcolorbox/tcbhooks.code.tex
Library (tcolorbox): 'tcbhooks.code.tex' version '4.12'
) (/usr/share/texlive/texmf-dist/tex/latex/tcolorbox/tcbtheorems.code.tex
Library (tcolorbox): 'tcbtheorems.code.tex' version '4.12'
) (/usr/share/texlive/texmf-dist/tex/latex/tcolorbox/tcbfitting.code.tex
Library (tcolorbox): 'tcbfitting.code.tex' version '4.12'
\tcbfitdim=\dimen189
\tcb@lowerfitdim=\dimen190
\tcb@upperfitdim=\dimen191
\tcb@cur@hbadness=\count346
) (/usr/share/texlive/texmf-dist/tex/latex/tcolorbox/tcbxparse.code.tex
Library (tcolorbox): 'tcbxparse.code.tex' version '4.12'
(/usr/share/texlive/texmf-dist/tex/latex/l3packages/xparse/xparse.sty
(/usr/share/texlive/texmf-dist/tex/latex/l3kernel/expl3.sty
Package: expl3 2018/02/21 L3 programming layer (loader) 

(/usr/share/texlive/texmf-dist/tex/latex/l3kernel/expl3-code.tex
Package: expl3 2018/02/21 L3 programming layer (code)
\c_max_int=\count347
\l_tmpa_int=\count348
\l_tmpb_int=\count349
\g_tmpa_int=\count350
\g_tmpb_int=\count351
\g__intarray_font_int=\count352
\g__prg_map_int=\count353
\c_log_iow=\count354
\l_iow_line_count_int=\count355
\l__iow_line_target_int=\count356
\l__iow_one_indent_int=\count357
\l__iow_indent_int=\count358
\c_zero_dim=\dimen192
\c_max_dim=\dimen193
\l_tmpa_dim=\dimen194
\l_tmpb_dim=\dimen195
\g_tmpa_dim=\dimen196
\g_tmpb_dim=\dimen197
\c_zero_skip=\skip68
\c_max_skip=\skip69
\l_tmpa_skip=\skip70
\l_tmpb_skip=\skip71
\g_tmpa_skip=\skip72
\g_tmpb_skip=\skip73
\c_zero_muskip=\muskip12
\c_max_muskip=\muskip13
\l_tmpa_muskip=\muskip14
\l_tmpb_muskip=\muskip15
\g_tmpa_muskip=\muskip16
\g_tmpb_muskip=\muskip17
\l_keys_choice_int=\count359
\c__fp_leading_shift_int=\count360
\c__fp_middle_shift_int=\count361
\c__fp_trailing_shift_int=\count362
\c__fp_big_leading_shift_int=\count363
\c__fp_big_middle_shift_int=\count364
\c__fp_big_trailing_shift_int=\count365
\c__fp_Bigg_leading_shift_int=\count366
\c__fp_Bigg_middle_shift_int=\count367
\c__fp_Bigg_trailing_shift_int=\count368
\c__fp_rand_size_int=\count369
\c__fp_rand_four_int=\count370
\c__fp_rand_eight_int=\count371
\l__sort_length_int=\count372
\l__sort_min_int=\count373
\l__sort_top_int=\count374
\l__sort_max_int=\count375
\l__sort_true_max_int=\count376
\l__sort_block_int=\count377
\l__sort_begin_int=\count378
\l__sort_end_int=\count379
\l__sort_A_int=\count380
\l__sort_B_int=\count381
\l__sort_C_int=\count382
\l__tl_build_start_index_int=\count383
\l__tl_build_index_int=\count384
\l__tl_analysis_normal_int=\count385
\l__tl_analysis_index_int=\count386
\l__tl_analysis_nesting_int=\count387
\l__tl_analysis_type_int=\count388
\l__regex_internal_a_int=\count389
\l__regex_internal_b_int=\count390
\l__regex_internal_c_int=\count391
\l__regex_balance_int=\count392
\l__regex_group_level_int=\count393
\l__regex_mode_int=\count394
\c__regex_cs_in_class_mode_int=\count395
\c__regex_cs_mode_int=\count396
\l__regex_catcodes_int=\count397
\l__regex_default_catcodes_int=\count398
\c__regex_catcode_D_int=\count399
\c__regex_catcode_S_int=\count400
\c__regex_catcode_L_int=\count401
\c__regex_catcode_O_int=\count402
\c__regex_catcode_A_int=\count403
\c__regex_all_catcodes_int=\count404
\l__regex_show_lines_int=\count405
\l__regex_min_state_int=\count406
\l__regex_max_state_int=\count407
\l__regex_left_state_int=\count408
\l__regex_right_state_int=\count409
\l__regex_capturing_group_int=\count410
\l__regex_min_pos_int=\count411
\l__regex_max_pos_int=\count412
\l__regex_curr_pos_int=\count413
\l__regex_start_pos_int=\count414
\l__regex_success_pos_int=\count415
\l__regex_curr_char_int=\count416
\l__regex_curr_catcode_int=\count417
\l__regex_last_char_int=\count418
\l__regex_case_changed_char_int=\count419
\l__regex_curr_state_int=\count420
\l__regex_step_int=\count421
\l__regex_min_active_int=\count422
\l__regex_max_active_int=\count423
\l__regex_replacement_csnames_int=\count424
\l__regex_match_count_int=\count425
\l__regex_min_submatch_int=\count426
\l__regex_submatch_int=\count427
\l__regex_zeroth_submatch_int=\count428
\g__regex_trace_regex_int=\count429
\c_empty_box=\box54
\l_tmpa_box=\box55
\l_tmpb_box=\box56
\g_tmpa_box=\box57
\g_tmpb_box=\box58
\l__box_top_dim=\dimen198
\l__box_bottom_dim=\dimen199
\l__box_left_dim=\dimen256
\l__box_right_dim=\dimen257
\l__box_top_new_dim=\dimen258
\l__box_bottom_new_dim=\dimen259
\l__box_left_new_dim=\dimen260
\l__box_right_new_dim=\dimen261
\l__box_internal_box=\box59
\l__coffin_internal_box=\box60
\l__coffin_internal_dim=\dimen262
\l__coffin_offset_x_dim=\dimen263
\l__coffin_offset_y_dim=\dimen264
\l__coffin_x_dim=\dimen265
\l__coffin_y_dim=\dimen266
\l__coffin_x_prime_dim=\dimen267
\l__coffin_y_prime_dim=\dimen268
\c_empty_coffin=\box61
\l__coffin_aligned_coffin=\box62
\l__coffin_aligned_internal_coffin=\box63
\l_tmpa_coffin=\box64
\l_tmpb_coffin=\box65
\l__coffin_display_coffin=\box66
\l__coffin_display_coord_coffin=\box67
\l__coffin_display_pole_coffin=\box68
\l__coffin_display_offset_dim=\dimen269
\l__coffin_display_x_dim=\dimen270
\l__coffin_display_y_dim=\dimen271
\l__coffin_bounding_shift_dim=\dimen272
\l__coffin_left_corner_dim=\dimen273
\l__coffin_right_corner_dim=\dimen274
\l__coffin_bottom_corner_dim=\dimen275
\l__coffin_top_corner_dim=\dimen276
\l__coffin_scaled_total_height_dim=\dimen277
\l__coffin_scaled_width_dim=\dimen278
)
(/usr/share/texlive/texmf-dist/tex/latex/l3kernel/l3pdfmode.def
File: l3pdfmode.def 2017/03/18 v L3 Experimental driver: PDF mode
\l__driver_color_stack_int=\count430
\l__driver_tmp_box=\box69
))
Package: xparse 2018/02/21 L3 Experimental document command parser
\l__xparse_current_arg_int=\count431
\g__xparse_grabber_int=\count432
\l__xparse_m_args_int=\count433
\l__xparse_mandatory_args_int=\count434
\l__xparse_v_nesting_int=\count435
)
.................................................
. LaTeX info: "xparse/define-command"
. 
. Defining command \tcboxverb with sig. ' O{} v ' on line 128.
.................................................
.................................................
. LaTeX info: "xparse/define-command"
. 
. Defining command \tcbsidebyside with sig. ' +O{} +m +m ' on line 280.
.................................................
)
(/usr/share/texlive/texmf-dist/tex/latex/tcolorbox/tcblistingsutf8.code.tex
Library (tcolorbox): 'tcblistingsutf8.code.tex' version '4.12'
(/usr/share/texlive/texmf-dist/tex/latex/oberdiek/listingsutf8.sty
Package: listingsutf8 2016/05/16 v1.3 Allow UTF-8 in listings input (HO)

(/usr/share/texlive/texmf-dist/tex/generic/oberdiek/stringenc.sty
Package: stringenc 2016/05/16 v1.11 Convert strings between diff. encodings (HO
)
))
(/usr/share/texlive/texmf-dist/tex/latex/tcolorbox/tcblistings.code.tex
Library (tcolorbox): 'tcblistings.code.tex' version '4.12'
(/usr/share/texlive/texmf-dist/tex/latex/tcolorbox/tcblistingscore.code.tex
Library (tcolorbox): 'tcblistingscore.code.tex' version '4.12'
(/usr/share/texlive/texmf-dist/tex/latex/tcolorbox/tcbprocessing.code.tex
Library (tcolorbox): 'tcbprocessing.code.tex' version '4.12'
(/usr/share/texlive/texmf-dist/tex/latex/tools/shellesc.sty
Package: shellesc 2016/06/07 v0.02a unified shell escape interface for LaTeX
Package shellesc Info: Restricted shell escape enabled on input line 69.
))
\c@tcblisting=\count436
)))
(/usr/share/texlive/texmf-dist/tex/latex/tcolorbox/tcbexternal.code.tex
Library (tcolorbox): 'tcbexternal.code.tex' version '4.12'
) (/usr/share/texlive/texmf-dist/tex/latex/tcolorbox/tcbmagazine.code.tex
Library (tcolorbox): 'tcbmagazine.code.tex' version '4.12'
) (/usr/share/texlive/texmf-dist/tex/latex/tcolorbox/tcbvignette.code.tex
Library (tcolorbox): 'tcbvignette.code.tex' version '4.12'

(/usr/share/texlive/texmf-dist/tex/generic/pgf/frontendlayer/tikz/libraries/tik
zlibraryfadings.code.tex
File: tikzlibraryfadings.code.tex 2009/11/15 v3.0.1a (rcs-revision 1.2)

(/usr/share/texlive/texmf-dist/tex/generic/pgf/libraries/pgflibraryfadings.code
.tex
File: pgflibraryfadings.code.tex 2008/02/07 v3.0.1a (rcs-revision 1.3)
))) (/usr/share/texlive/texmf-dist/tex/latex/tcolorbox/tcbposter.code.tex
Library (tcolorbox): 'tcbposter.code.tex' version '4.12'
))
\ftlparskip=\skip74
)
Package csquotes Info: Checking for multilingual support...
Package csquotes Info: ... found 'babel' package.
Package csquotes Info: Adjusting default style.
Package csquotes Info: Redefining alias 'default' -> 'english'.
Package biblatex Info: Trying to load language 'english'...
Package biblatex Info: ... file 'english.lbx' found.
 (/usr/share/texlive/texmf-dist/tex/latex/biblatex/lbx/english.lbx
File: english.lbx 2017/12/19 v3.10 biblatex localization (PK/JW/AB)
)
(./Arbeit.aux)
\openout1 = `Arbeit.aux'.

LaTeX Font Info:    Checking defaults for OML/cmm/m/it on input line 100.
LaTeX Font Info:    ... okay on input line 100.
LaTeX Font Info:    Checking defaults for T1/cmr/m/n on input line 100.
LaTeX Font Info:    ... okay on input line 100.
LaTeX Font Info:    Checking defaults for OT1/cmr/m/n on input line 100.
LaTeX Font Info:    ... okay on input line 100.
LaTeX Font Info:    Checking defaults for OMS/cmsy/m/n on input line 100.
LaTeX Font Info:    ... okay on input line 100.
LaTeX Font Info:    Checking defaults for OMX/cmex/m/n on input line 100.
LaTeX Font Info:    ... okay on input line 100.
LaTeX Font Info:    Checking defaults for U/cmr/m/n on input line 100.
LaTeX Font Info:    ... okay on input line 100.
LaTeX Font Info:    Checking defaults for PD1/pdf/m/n on input line 100.
LaTeX Font Info:    ... okay on input line 100.
\c@lstlisting=\count437

(/usr/share/texlive/texmf-dist/tex/context/base/mkii/supp-pdf.mkii
[Loading MPS to PDF converter (version 2006.09.02).]
\scratchcounter=\count438
\scratchdimen=\dimen279
\scratchbox=\box70
\nofMPsegments=\count439
\nofMParguments=\count440
\everyMPshowfont=\toks42
\MPscratchCnt=\count441
\MPscratchDim=\dimen280
\MPnumerator=\count442
\makeMPintoPDFobject=\count443
\everyMPtoPDFconversion=\toks43
) (/usr/share/texlive/texmf-dist/tex/latex/oberdiek/epstopdf-base.sty
Package: epstopdf-base 2016/05/15 v2.6 Base part for package epstopdf

(/usr/share/texlive/texmf-dist/tex/latex/oberdiek/grfext.sty
Package: grfext 2016/05/16 v1.2 Manage graphics extensions (HO)
)
Package epstopdf-base Info: Redefining graphics rule for `.eps' on input line 4
38.
Package grfext Info: Graphics extension search list:
(grfext)             [.pdf,.png,.jpg,.mps,.jpeg,.jbig2,.jb2,.PDF,.PNG,.JPG,.JPE
G,.JBIG2,.JB2,.eps]
(grfext)             \AppendGraphicsExtensions on input line 456.

(/usr/share/texlive/texmf-dist/tex/latex/latexconfig/epstopdf-sys.cfg
File: epstopdf-sys.cfg 2010/07/13 v1.3 Configuration of (r)epstopdf for TeX Liv
e
))
ABD: EveryShipout initializing macros
\AtBeginShipoutBox=\box71
Package hyperref Info: Link coloring OFF on input line 100.

(/usr/share/texlive/texmf-dist/tex/latex/hyperref/nameref.sty
Package: nameref 2016/05/21 v2.44 Cross-referencing by name of section

(/usr/share/texlive/texmf-dist/tex/generic/oberdiek/gettitlestring.sty
Package: gettitlestring 2016/05/16 v1.5 Cleanup title references (HO)
)
\c@section@level=\count444
)
LaTeX Info: Redefining \ref on input line 100.
LaTeX Info: Redefining \pageref on input line 100.
LaTeX Info: Redefining \nameref on input line 100.

(./Arbeit.out) (./Arbeit.out)
\@outlinefile=\write8
\openout8 = `Arbeit.out'.

Package biblatex Info: No input encoding detected.
(biblatex)             Assuming 'ascii'.
Package biblatex Info: Automatic encoding selection.
(biblatex)             Assuming data encoding 'ascii'.
Package biblatex Info: Input encoding 'ascii' specified.
Package biblatex Info: Data encoding 'ascii' specified.
(biblatex)             No need to reencode data.
\openout5 = `Arbeit-blx.bib'.

Package biblatex Info: Trying to load bibliographic data...
Package biblatex Info: ... file 'Arbeit.bbl' found.
 (./Arbeit.bbl)
Package biblatex Info: Reference section=0 on input line 100.
Package biblatex Info: Reference segment=0 on input line 100.

(/usr/share/texlive/texmf-dist/tex/latex/base/inputenc.sty
Package: inputenc 2015/03/17 v1.2c Input encoding file
\inpenc@prehook=\toks44
\inpenc@posthook=\toks45
)
LaTeX Font Info:    Try loading font information for U+msa on input line 103.

(/usr/share/texlive/texmf-dist/tex/latex/amsfonts/umsa.fd
File: umsa.fd 2013/01/14 v3.01 AMS symbols A
)
LaTeX Font Info:    Try loading font information for U+msb on input line 103.

(/usr/share/texlive/texmf-dist/tex/latex/amsfonts/umsb.fd
File: umsb.fd 2013/01/14 v3.01 AMS symbols B
) [1

{/var/lib/texmf/fonts/map/pdftex/updmap/pdftex.map}] [2

]
LaTeX Font Info:    Try loading font information for U+bbm on input line 111.

(/usr/share/texlive/texmf-dist/tex/latex/bbm-macros/ubbm.fd
File: ubbm.fd 1999/03/15 V 1.2 Font definition for bbm font - TH
)pdfTeX warning (ext4): destination with the same identifier (name{page.1}) has
 been already used, duplicate ignored
<to be read again> 
                   \relax 
l.119 \newpage
               [1

] (./Arbeit.toc)
\tf@toc=\write9
\openout9 = `Arbeit.toc'.

pdfTeX warning (ext4): destination with the same identifier (name{page.2}) has 
been already used, duplicate ignored
<to be read again> 
                   \relax 
l.123 \newpage
               [2] [3]
Overfull \hbox (12.29633pt too wide) in paragraph at lines 144--150
\OT1/cmtt/m/n/10.95 git clone https://github.com/naproche-community/naproche.gi
t 
 []


Overfull \hbox (58.28583pt too wide) in paragraph at lines 150--158
\OT1/cmtt/m/n/10.95 hg clone https://isabelle.sketis.net/repos/isabelle-release
 isabelle 
 []


Overfull \hbox (35.29108pt too wide) in paragraph at lines 158--161
\OT1/cmtt/m/n/10.95 isabelle components -u .../naproche # path to Naproche dire
ctory 
 []

[4] [5]
Overfull \hbox (21.93936pt too wide) in paragraph at lines 293--294
[][] 
 []

[6] [7] [8]
Underfull \hbox (badness 10000) in paragraph at lines 396--399

 []

[9]
Underfull \hbox (badness 10000) in paragraph at lines 508--510

 []

[10] [11] [12] [13] [14] [15] [16] [17]
Underfull \hbox (badness 10000) in paragraph at lines 877--879

 []


Overfull \hbox (2.76694pt too wide) in paragraph at lines 884--885
[]\OT1/cmr/m/n/10.95 Hence we first ex-tend the lan-guage by the name of the fu
nc-tion. $\U/bbm/m/n/10.95 N$\OT1/cmr/m/n/10.95 aproche 
 []

[18]
Overfull \hbox (7.1887pt too wide) in paragraph at lines 1031--1045
\OT1/cmr/m/n/10.95 for all ar-rows $\OML/cmm/m/it/10.95 f$ \OT1/cmr/m/n/10.95 s
uch that $\OML/cmm/m/it/10.95 f ^^O Dom\OT1/cmr/m/n/10.95 (\OML/cmm/m/it/10.95 
T\OT1/cmr/m/n/10.95 [\OML/cmm/m/it/10.95 C; SET; HomF\OT1/cmr/m/n/10.95 [\OML/c
mm/m/it/10.95 C; c\OT1/cmr/m/n/10.95 ]\OML/cmm/m/it/10.95 ; F; \OT1/cmr/m/n/10.
95 	(\OML/cmm/m/it/10.95 x\OT1/cmr/m/n/10.95 )\OML/cmm/m/it/10.95 ; s\OT1/cmr/m
/n/10.95 [\OML/cmm/m/it/10.95 g\OT1/cmr/m/n/10.95 ]])\OML/cmm/m/it/10.95 :$ 
 []


Overfull \hbox (5.24707pt too wide) detected at line 1071
\OML/cmm/m/it/10.95 T\OT1/cmr/m/n/10.95 [\OML/cmm/m/it/10.95 C; SET; HomF\OT1/c
mr/m/n/10.95 [\OML/cmm/m/it/10.95 C; c\OT1/cmr/m/n/10.95 ]\OML/cmm/m/it/10.95 ;
 F; \OT1/cmr/m/n/10.95 	(\OML/cmm/m/it/10.95 T\OT1/cmr/m/n/10.95 [\OML/cmm/m/it
/10.95 C; SET; HomF\OT1/cmr/m/n/10.95 [\OML/cmm/m/it/10.95 C; c\OT1/cmr/m/n/10.
95 ]\OML/cmm/m/it/10.95 ; F; ; c\OT1/cmr/m/n/10.95 ](\OML/cmm/m/it/10.95 s\OT1
/cmr/m/n/10.95 [\OML/cmm/m/it/10.95 c\OT1/cmr/m/n/10.95 ]))\OML/cmm/m/it/10.95 
; d\OT1/cmr/m/n/10.95 ](\OML/cmm/m/it/10.95 f\OT1/cmr/m/n/10.95 )
 []


Overfull \hbox (4.7501pt too wide) detected at line 1150
\OML/cmm/m/it/10.95 T\OT1/cmr/m/n/10.95 [\OML/cmm/m/it/10.95 C; SET; HomF\OT1/c
mr/m/n/10.95 [\OML/cmm/m/it/10.95 C; c\OT1/cmr/m/n/10.95 ]\OML/cmm/m/it/10.95 ;
 F; \OT1/cmr/m/n/10.95 	(^^H(\OML/cmm/m/it/10.95 \OT1/cmr/m/n/10.95 ))\OML/cmm
/m/it/10.95 ; d\OT1/cmr/m/n/10.95 ] = \OML/cmm/m/it/10.95 T\OT1/cmr/m/n/10.95 [
\OML/cmm/m/it/10.95 C; SET; HomF\OT1/cmr/m/n/10.95 [\OML/cmm/m/it/10.95 C; c\OT
1/cmr/m/n/10.95 ]\OML/cmm/m/it/10.95 ; F; ; d\OT1/cmr/m/n/10.95 ]
 []

[19] [20] [21]
Missing character: There is no  in font cmr10!
Missing character: There is no  in font cmr10!
Missing character: There is no  in font cmr10!
Missing character: There is no  in font cmr10!
Missing character: There is no  in font cmr10!
Missing character: There is no  in font cmr10!
Missing character: There is no  in font cmr10!


Package xcolor Warning: Incompatible color definition on input line 1168.


Package xcolor Warning: Incompatible color definition on input line 1168.


Package xcolor Warning: Incompatible color definition on input line 1168.


Package xcolor Warning: Incompatible color definition on input line 1168.


Package xcolor Warning: Incompatible color definition on input line 1169.


Package xcolor Warning: Incompatible color definition on input line 1169.


Package xcolor Warning: Incompatible color definition on input line 1169.


Package xcolor Warning: Incompatible color definition on input line 1169.


Package xcolor Warning: Incompatible color definition on input line 1170.


Package xcolor Warning: Incompatible color definition on input line 1170.


Package xcolor Warning: Incompatible color definition on input line 1170.


Package xcolor Warning: Incompatible color definition on input line 1170.

[22]

Package xcolor Warning: Incompatible color definition on input line 1188.


Package xcolor Warning: Incompatible color definition on input line 1188.


Package xcolor Warning: Incompatible color definition on input line 1188.


Package xcolor Warning: Incompatible color definition on input line 1188.


Package xcolor Warning: Incompatible color definition on input line 1188.


Package xcolor Warning: Incompatible color definition on input line 1188.


Package xcolor Warning: Incompatible color definition on input line 1188.


Package xcolor Warning: Incompatible color definition on input line 1188.


Package xcolor Warning: Incompatible color definition on input line 1188.


Package xcolor Warning: Incompatible color definition on input line 1188.


Package xcolor Warning: Incompatible color definition on input line 1188.


Package xcolor Warning: Incompatible color definition on input line 1188.


Underfull \hbox (badness 10000) in paragraph at lines 1192--1193

 []


Package xcolor Warning: Incompatible color definition on input line 1196.


Package xcolor Warning: Incompatible color definition on input line 1196.


Package xcolor Warning: Incompatible color definition on input line 1196.


Package xcolor Warning: Incompatible color definition on input line 1196.


Package xcolor Warning: Incompatible color definition on input line 1196.


Package xcolor Warning: Incompatible color definition on input line 1196.


Package xcolor Warning: Incompatible color definition on input line 1196.


Package xcolor Warning: Incompatible color definition on input line 1196.


Package xcolor Warning: Incompatible color definition on input line 1196.


Package xcolor Warning: Incompatible color definition on input line 1196.


Package xcolor Warning: Incompatible color definition on input line 1196.


Package xcolor Warning: Incompatible color definition on input line 1196.


Underfull \hbox (badness 10000) in paragraph at lines 1200--1201

 []

[23]

Package xcolor Warning: Incompatible color definition on input line 1211.


Package xcolor Warning: Incompatible color definition on input line 1225.


Package xcolor Warning: Incompatible color definition on input line 1229.


Package xcolor Warning: Incompatible color definition on input line 1229.


Package xcolor Warning: Incompatible color definition on input line 1233.


Package xcolor Warning: Incompatible color definition on input line 1233.


Package xcolor Warning: Incompatible color definition on input line 1233.


Package xcolor Warning: Incompatible color definition on input line 1235.


Package xcolor Warning: Incompatible color definition on input line 1240.


Package xcolor Warning: Incompatible color definition on input line 1240.


Package xcolor Warning: Incompatible color definition on input line 1240.

[24]

Package xcolor Warning: Incompatible color definition on input line 1242.


Package xcolor Warning: Incompatible color definition on input line 1242.


Package xcolor Warning: Incompatible color definition on input line 1242.


Package xcolor Warning: Incompatible color definition on input line 1245.


Package xcolor Warning: Incompatible color definition on input line 1245.


Package xcolor Warning: Incompatible color definition on input line 1246.


Package xcolor Warning: Incompatible color definition on input line 1246.


Package xcolor Warning: Incompatible color definition on input line 1247.


Package xcolor Warning: Incompatible color definition on input line 1247.


Package xcolor Warning: Incompatible color definition on input line 1247.


Package xcolor Warning: Incompatible color definition on input line 1248.


Package xcolor Warning: Incompatible color definition on input line 1248.


Package xcolor Warning: Incompatible color definition on input line 1251.


Package xcolor Warning: Incompatible color definition on input line 1251.


Package xcolor Warning: Incompatible color definition on input line 1251.


Package xcolor Warning: Incompatible color definition on input line 1253.


Package xcolor Warning: Incompatible color definition on input line 1253.


Package xcolor Warning: Incompatible color definition on input line 1253.


Package xcolor Warning: Incompatible color definition on input line 1254.


Package xcolor Warning: Incompatible color definition on input line 1255.


Package xcolor Warning: Incompatible color definition on input line 1256.


Package xcolor Warning: Incompatible color definition on input line 1258.


Package xcolor Warning: Incompatible color definition on input line 1260.


Package xcolor Warning: Incompatible color definition on input line 1260.


Package xcolor Warning: Incompatible color definition on input line 1261.


Package xcolor Warning: Incompatible color definition on input line 1261.


Package xcolor Warning: Incompatible color definition on input line 1261.


Package xcolor Warning: Incompatible color definition on input line 1261.


Package xcolor Warning: Incompatible color definition on input line 1261.


Package xcolor Warning: Incompatible color definition on input line 1261.


Package xcolor Warning: Incompatible color definition on input line 1261.


Package xcolor Warning: Incompatible color definition on input line 1261.


Package xcolor Warning: Incompatible color definition on input line 1261.


Package xcolor Warning: Incompatible color definition on input line 1263.


Package xcolor Warning: Incompatible color definition on input line 1263.


Package xcolor Warning: Incompatible color definition on input line 1263.


Package xcolor Warning: Incompatible color definition on input line 1264.


Package xcolor Warning: Incompatible color definition on input line 1266.


Package xcolor Warning: Incompatible color definition on input line 1268.


Package xcolor Warning: Incompatible color definition on input line 1268.


Package xcolor Warning: Incompatible color definition on input line 1268.


Package xcolor Warning: Incompatible color definition on input line 1268.


Package xcolor Warning: Incompatible color definition on input line 1269.


Package xcolor Warning: Incompatible color definition on input line 1270.

[25]

Package xcolor Warning: Incompatible color definition on input line 1275.


Package xcolor Warning: Incompatible color definition on input line 1275.


Package xcolor Warning: Incompatible color definition on input line 1275.


Package xcolor Warning: Incompatible color definition on input line 1275.


Package xcolor Warning: Incompatible color definition on input line 1275.


Package xcolor Warning: Incompatible color definition on input line 1275.


Package xcolor Warning: Incompatible color definition on input line 1275.


Package xcolor Warning: Incompatible color definition on input line 1275.


Package xcolor Warning: Incompatible color definition on input line 1278.


Package xcolor Warning: Incompatible color definition on input line 1278.


Package xcolor Warning: Incompatible color definition on input line 1278.


Package xcolor Warning: Incompatible color definition on input line 1279.


Package xcolor Warning: Incompatible color definition on input line 1279.


Package xcolor Warning: Incompatible color definition on input line 1279.


Package xcolor Warning: Incompatible color definition on input line 1279.


Package xcolor Warning: Incompatible color definition on input line 1283.


Package xcolor Warning: Incompatible color definition on input line 1283.


Package xcolor Warning: Incompatible color definition on input line 1283.


Package xcolor Warning: Incompatible color definition on input line 1283.


Package xcolor Warning: Incompatible color definition on input line 1283.


Package xcolor Warning: Incompatible color definition on input line 1283.


Package xcolor Warning: Incompatible color definition on input line 1283.


Package xcolor Warning: Incompatible color definition on input line 1287.


Package xcolor Warning: Incompatible color definition on input line 1287.


Package xcolor Warning: Incompatible color definition on input line 1288.


Package xcolor Warning: Incompatible color definition on input line 1288.


Package xcolor Warning: Incompatible color definition on input line 1291.


Package xcolor Warning: Incompatible color definition on input line 1293.


Package xcolor Warning: Incompatible color definition on input line 1293.


Package xcolor Warning: Incompatible color definition on input line 1294.


Package xcolor Warning: Incompatible color definition on input line 1294.


Package xcolor Warning: Incompatible color definition on input line 1296.


Package xcolor Warning: Incompatible color definition on input line 1296.


Package xcolor Warning: Incompatible color definition on input line 1296.


Package xcolor Warning: Incompatible color definition on input line 1296.


Package xcolor Warning: Incompatible color definition on input line 1296.


Package xcolor Warning: Incompatible color definition on input line 1296.


Package xcolor Warning: Incompatible color definition on input line 1296.


Package xcolor Warning: Incompatible color definition on input line 1296.


Package xcolor Warning: Incompatible color definition on input line 1299.


Package xcolor Warning: Incompatible color definition on input line 1299.


Package xcolor Warning: Incompatible color definition on input line 1300.


Package xcolor Warning: Incompatible color definition on input line 1300.


Package xcolor Warning: Incompatible color definition on input line 1301.


Package xcolor Warning: Incompatible color definition on input line 1301.


Package xcolor Warning: Incompatible color definition on input line 1302.


Package xcolor Warning: Incompatible color definition on input line 1303.


Package xcolor Warning: Incompatible color definition on input line 1306.


Package xcolor Warning: Incompatible color definition on input line 1306.


Package xcolor Warning: Incompatible color definition on input line 1306.


Package xcolor Warning: Incompatible color definition on input line 1306.

[26]

Package xcolor Warning: Incompatible color definition on input line 1309.


Package xcolor Warning: Incompatible color definition on input line 1309.


Package xcolor Warning: Incompatible color definition on input line 1310.


Package xcolor Warning: Incompatible color definition on input line 1310.


Package xcolor Warning: Incompatible color definition on input line 1310.


Package xcolor Warning: Incompatible color definition on input line 1310.


Package xcolor Warning: Incompatible color definition on input line 1311.


Package xcolor Warning: Incompatible color definition on input line 1311.


Package xcolor Warning: Incompatible color definition on input line 1311.


Package xcolor Warning: Incompatible color definition on input line 1311.


Package xcolor Warning: Incompatible color definition on input line 1312.


Package xcolor Warning: Incompatible color definition on input line 1312.


Package xcolor Warning: Incompatible color definition on input line 1313.


Package xcolor Warning: Incompatible color definition on input line 1314.


Package xcolor Warning: Incompatible color definition on input line 1315.


Package xcolor Warning: Incompatible color definition on input line 1318.


Package xcolor Warning: Incompatible color definition on input line 1318.


Package xcolor Warning: Incompatible color definition on input line 1318.


Package xcolor Warning: Incompatible color definition on input line 1318.


Package xcolor Warning: Incompatible color definition on input line 1318.


Package xcolor Warning: Incompatible color definition on input line 1318.


Package xcolor Warning: Incompatible color definition on input line 1320.


Package xcolor Warning: Incompatible color definition on input line 1320.


Package xcolor Warning: Incompatible color definition on input line 1320.


Package xcolor Warning: Incompatible color definition on input line 1323.


Package xcolor Warning: Incompatible color definition on input line 1323.


Package xcolor Warning: Incompatible color definition on input line 1324.


Package xcolor Warning: Incompatible color definition on input line 1324.


Package xcolor Warning: Incompatible color definition on input line 1324.


Package xcolor Warning: Incompatible color definition on input line 1324.


Package xcolor Warning: Incompatible color definition on input line 1325.


Package xcolor Warning: Incompatible color definition on input line 1325.


Package xcolor Warning: Incompatible color definition on input line 1325.


Package xcolor Warning: Incompatible color definition on input line 1325.


Package xcolor Warning: Incompatible color definition on input line 1326.


Package xcolor Warning: Incompatible color definition on input line 1326.


Package xcolor Warning: Incompatible color definition on input line 1326.


Package xcolor Warning: Incompatible color definition on input line 1329.


Package xcolor Warning: Incompatible color definition on input line 1329.


Package xcolor Warning: Incompatible color definition on input line 1329.


Package xcolor Warning: Incompatible color definition on input line 1329.


Package xcolor Warning: Incompatible color definition on input line 1329.

LaTeX Font Info:    Font shape `OT1/cmtt/bx/n' in size <10.95> not available
(Font)              Font shape `OT1/cmtt/m/n' tried instead on input line 1331.


Package hyperref Warning: Token not allowed in a PDF string (PDFDocEncoding):
(hyperref)                removing `\lstinline' on input line 1331.


Package hyperref Warning: Token not allowed in a PDF string (PDFDocEncoding):
(hyperref)                removing `math shift' on input line 1331.


Package hyperref Warning: Token not allowed in a PDF string (PDFDocEncoding):
(hyperref)                \kern 1.8254pt
(hyperref)                removed on input line 1331.


Package hyperref Warning: Token not allowed in a PDF string (PDFDocEncoding):
(hyperref)                removing `math shift' on input line 1331.


Package hyperref Warning: Token not allowed in a PDF string (PDFDocEncoding):
(hyperref)                removing `math shift' on input line 1331.


Package hyperref Warning: Token not allowed in a PDF string (PDFDocEncoding):
(hyperref)                \kern 1.8254pt
(hyperref)                removed on input line 1331.


Package hyperref Warning: Token not allowed in a PDF string (PDFDocEncoding):
(hyperref)                removing `math shift' on input line 1331.


Package xcolor Warning: Incompatible color definition on input line 1336.


Package xcolor Warning: Incompatible color definition on input line 1336.


Package xcolor Warning: Incompatible color definition on input line 1337.


Package xcolor Warning: Incompatible color definition on input line 1337.


Package xcolor Warning: Incompatible color definition on input line 1337.


Package xcolor Warning: Incompatible color definition on input line 1338.


Package xcolor Warning: Incompatible color definition on input line 1339.


Package xcolor Warning: Incompatible color definition on input line 1339.


Package xcolor Warning: Incompatible color definition on input line 1339.


Package xcolor Warning: Incompatible color definition on input line 1340.


Package xcolor Warning: Incompatible color definition on input line 1341.


Package xcolor Warning: Incompatible color definition on input line 1342.


Package xcolor Warning: Incompatible color definition on input line 1342.


Package xcolor Warning: Incompatible color definition on input line 1342.


Package xcolor Warning: Incompatible color definition on input line 1343.


Package xcolor Warning: Incompatible color definition on input line 1343.


Package xcolor Warning: Incompatible color definition on input line 1343.


Package xcolor Warning: Incompatible color definition on input line 1344.


Package xcolor Warning: Incompatible color definition on input line 1345.


Package xcolor Warning: Incompatible color definition on input line 1345.


Package xcolor Warning: Incompatible color definition on input line 1345.


Package xcolor Warning: Incompatible color definition on input line 1346.


Package xcolor Warning: Incompatible color definition on input line 1347.


Package xcolor Warning: Incompatible color definition on input line 1347.


Package xcolor Warning: Incompatible color definition on input line 1348.


Package xcolor Warning: Incompatible color definition on input line 1348.


Package xcolor Warning: Incompatible color definition on input line 1348.


Package xcolor Warning: Incompatible color definition on input line 1348.


Package xcolor Warning: Incompatible color definition on input line 1348.


Package xcolor Warning: Incompatible color definition on input line 1348.


Package xcolor Warning: Incompatible color definition on input line 1349.


Package xcolor Warning: Incompatible color definition on input line 1349.

[27]

Package xcolor Warning: Incompatible color definition on input line 1352.


Package xcolor Warning: Incompatible color definition on input line 1352.


Package xcolor Warning: Incompatible color definition on input line 1355.


Package xcolor Warning: Incompatible color definition on input line 1355.


Package xcolor Warning: Incompatible color definition on input line 1355.


Package xcolor Warning: Incompatible color definition on input line 1356.


Package xcolor Warning: Incompatible color definition on input line 1357.


Package xcolor Warning: Incompatible color definition on input line 1357.


Package xcolor Warning: Incompatible color definition on input line 1358.


Package xcolor Warning: Incompatible color definition on input line 1358.


Package xcolor Warning: Incompatible color definition on input line 1358.


Package xcolor Warning: Incompatible color definition on input line 1359.


Package xcolor Warning: Incompatible color definition on input line 1359.


Package xcolor Warning: Incompatible color definition on input line 1359.


Package xcolor Warning: Incompatible color definition on input line 1366.


Package xcolor Warning: Incompatible color definition on input line 1366.


Package xcolor Warning: Incompatible color definition on input line 1366.


Package xcolor Warning: Incompatible color definition on input line 1371.


Package xcolor Warning: Incompatible color definition on input line 1371.


Package xcolor Warning: Incompatible color definition on input line 1371.


Package xcolor Warning: Incompatible color definition on input line 1371.


Package xcolor Warning: Incompatible color definition on input line 1371.


Package xcolor Warning: Incompatible color definition on input line 1371.


Package xcolor Warning: Incompatible color definition on input line 1372.


Package xcolor Warning: Incompatible color definition on input line 1372.


Package xcolor Warning: Incompatible color definition on input line 1372.


Package xcolor Warning: Incompatible color definition on input line 1373.


Package xcolor Warning: Incompatible color definition on input line 1374.


Package xcolor Warning: Incompatible color definition on input line 1379.


Package xcolor Warning: Incompatible color definition on input line 1379.


Package xcolor Warning: Incompatible color definition on input line 1379.


Package xcolor Warning: Incompatible color definition on input line 1379.


Package xcolor Warning: Incompatible color definition on input line 1379.


Package xcolor Warning: Incompatible color definition on input line 1380.


Package xcolor Warning: Incompatible color definition on input line 1381.


Package xcolor Warning: Incompatible color definition on input line 1382.


Package xcolor Warning: Incompatible color definition on input line 1382.


Package xcolor Warning: Incompatible color definition on input line 1382.


Package xcolor Warning: Incompatible color definition on input line 1382.


Package xcolor Warning: Incompatible color definition on input line 1384.


Package xcolor Warning: Incompatible color definition on input line 1384.


Package xcolor Warning: Incompatible color definition on input line 1385.


Package xcolor Warning: Incompatible color definition on input line 1385.


Package xcolor Warning: Incompatible color definition on input line 1385.


Package xcolor Warning: Incompatible color definition on input line 1393.


Package xcolor Warning: Incompatible color definition on input line 1393.


Package xcolor Warning: Incompatible color definition on input line 1393.


Package xcolor Warning: Incompatible color definition on input line 1393.


Package xcolor Warning: Incompatible color definition on input line 1394.


Package xcolor Warning: Incompatible color definition on input line 1394.


Package xcolor Warning: Incompatible color definition on input line 1394.


Package xcolor Warning: Incompatible color definition on input line 1397.


Package xcolor Warning: Incompatible color definition on input line 1397.


Package xcolor Warning: Incompatible color definition on input line 1397.


Package xcolor Warning: Incompatible color definition on input line 1397.


Package xcolor Warning: Incompatible color definition on input line 1397.

[28]

Package xcolor Warning: Incompatible color definition on input line 1398.


Package xcolor Warning: Incompatible color definition on input line 1398.


Package xcolor Warning: Incompatible color definition on input line 1398.


Package xcolor Warning: Incompatible color definition on input line 1399.


Package xcolor Warning: Incompatible color definition on input line 1399.


Package xcolor Warning: Incompatible color definition on input line 1405.


Package xcolor Warning: Incompatible color definition on input line 1405.


Package xcolor Warning: Incompatible color definition on input line 1405.


Package xcolor Warning: Incompatible color definition on input line 1405.


Package xcolor Warning: Incompatible color definition on input line 1405.


Package xcolor Warning: Incompatible color definition on input line 1406.


Package xcolor Warning: Incompatible color definition on input line 1407.


Package xcolor Warning: Incompatible color definition on input line 1407.


Package xcolor Warning: Incompatible color definition on input line 1407.


Package xcolor Warning: Incompatible color definition on input line 1408.


Package xcolor Warning: Incompatible color definition on input line 1408.


Package xcolor Warning: Incompatible color definition on input line 1408.


Package xcolor Warning: Incompatible color definition on input line 1409.


Package xcolor Warning: Incompatible color definition on input line 1409.


Package xcolor Warning: Incompatible color definition on input line 1409.


Package xcolor Warning: Incompatible color definition on input line 1410.


Package xcolor Warning: Incompatible color definition on input line 1410.


Package xcolor Warning: Incompatible color definition on input line 1410.


Package xcolor Warning: Incompatible color definition on input line 1410.


Package xcolor Warning: Incompatible color definition on input line 1412.


Package xcolor Warning: Incompatible color definition on input line 1412.


Package xcolor Warning: Incompatible color definition on input line 1412.


Package xcolor Warning: Incompatible color definition on input line 1415.


Package xcolor Warning: Incompatible color definition on input line 1417.


Package xcolor Warning: Incompatible color definition on input line 1417.


Package xcolor Warning: Incompatible color definition on input line 1417.


Package xcolor Warning: Incompatible color definition on input line 1417.


Package xcolor Warning: Incompatible color definition on input line 1417.


Package xcolor Warning: Incompatible color definition on input line 1419.


Package xcolor Warning: Incompatible color definition on input line 1419.


Package xcolor Warning: Incompatible color definition on input line 1419.


Package xcolor Warning: Incompatible color definition on input line 1419.


Package xcolor Warning: Incompatible color definition on input line 1419.


Package xcolor Warning: Incompatible color definition on input line 1419.


Package xcolor Warning: Incompatible color definition on input line 1419.


Package xcolor Warning: Incompatible color definition on input line 1419.


Package xcolor Warning: Incompatible color definition on input line 1419.


Package xcolor Warning: Incompatible color definition on input line 1420.


Package xcolor Warning: Incompatible color definition on input line 1420.


Package xcolor Warning: Incompatible color definition on input line 1420.


Package xcolor Warning: Incompatible color definition on input line 1420.


Package xcolor Warning: Incompatible color definition on input line 1420.


Package xcolor Warning: Incompatible color definition on input line 1420.


Package xcolor Warning: Incompatible color definition on input line 1420.


Package xcolor Warning: Incompatible color definition on input line 1420.


Package xcolor Warning: Incompatible color definition on input line 1420.


Package xcolor Warning: Incompatible color definition on input line 1421.


Package xcolor Warning: Incompatible color definition on input line 1421.


Package xcolor Warning: Incompatible color definition on input line 1423.


Package xcolor Warning: Incompatible color definition on input line 1423.


Package xcolor Warning: Incompatible color definition on input line 1423.


Package xcolor Warning: Incompatible color definition on input line 1423.


Package xcolor Warning: Incompatible color definition on input line 1423.


Package xcolor Warning: Incompatible color definition on input line 1424.


Package xcolor Warning: Incompatible color definition on input line 1425.


Package xcolor Warning: Incompatible color definition on input line 1425.


Package xcolor Warning: Incompatible color definition on input line 1426.


Package xcolor Warning: Incompatible color definition on input line 1426.


Package xcolor Warning: Incompatible color definition on input line 1426.


Package xcolor Warning: Incompatible color definition on input line 1426.


Package xcolor Warning: Incompatible color definition on input line 1426.


Package xcolor Warning: Incompatible color definition on input line 1428.


Package xcolor Warning: Incompatible color definition on input line 1428.


Package xcolor Warning: Incompatible color definition on input line 1428.


Package xcolor Warning: Incompatible color definition on input line 1429.


Package xcolor Warning: Incompatible color definition on input line 1430.


Package xcolor Warning: Incompatible color definition on input line 1430.


Package xcolor Warning: Incompatible color definition on input line 1431.


Package xcolor Warning: Incompatible color definition on input line 1431.


Package xcolor Warning: Incompatible color definition on input line 1431.


Package xcolor Warning: Incompatible color definition on input line 1431.


Package xcolor Warning: Incompatible color definition on input line 1431.


Package xcolor Warning: Incompatible color definition on input line 1432.


Package xcolor Warning: Incompatible color definition on input line 1432.


Underfull \hbox (badness 10000) in paragraph at lines 1433--1434

 []

[29]

Package xcolor Warning: Incompatible color definition on input line 1441.


Package xcolor Warning: Incompatible color definition on input line 1441.


Package xcolor Warning: Incompatible color definition on input line 1441.


Package xcolor Warning: Incompatible color definition on input line 1441.


Package xcolor Warning: Incompatible color definition on input line 1441.


Underfull \hbox (badness 10000) in paragraph at lines 1442--1448

 []


Underfull \hbox (badness 10000) in paragraph at lines 1442--1448

 []


Package xcolor Warning: Incompatible color definition on input line 1451.


Package xcolor Warning: Incompatible color definition on input line 1454.


Package xcolor Warning: Incompatible color definition on input line 1454.


Package xcolor Warning: Incompatible color definition on input line 1454.


Package xcolor Warning: Incompatible color definition on input line 1454.


Package xcolor Warning: Incompatible color definition on input line 1456.


Package xcolor Warning: Incompatible color definition on input line 1456.


Package xcolor Warning: Incompatible color definition on input line 1456.


Package xcolor Warning: Incompatible color definition on input line 1456.


Package xcolor Warning: Incompatible color definition on input line 1457.


Package xcolor Warning: Incompatible color definition on input line 1457.


Package xcolor Warning: Incompatible color definition on input line 1459.


Package xcolor Warning: Incompatible color definition on input line 1459.


Package xcolor Warning: Incompatible color definition on input line 1459.


Package xcolor Warning: Incompatible color definition on input line 1459.


Package xcolor Warning: Incompatible color definition on input line 1460.


Package xcolor Warning: Incompatible color definition on input line 1461.


Package xcolor Warning: Incompatible color definition on input line 1462.


Package xcolor Warning: Incompatible color definition on input line 1462.


Package xcolor Warning: Incompatible color definition on input line 1462.

[30]

Package xcolor Warning: Incompatible color definition on input line 1468.


Package xcolor Warning: Incompatible color definition on input line 1468.


Package xcolor Warning: Incompatible color definition on input line 1468.


Package xcolor Warning: Incompatible color definition on input line 1469.


Package xcolor Warning: Incompatible color definition on input line 1470.


Package xcolor Warning: Incompatible color definition on input line 1471.


Package xcolor Warning: Incompatible color definition on input line 1472.


Underfull \hbox (badness 10000) in paragraph at lines 1473--1474

 []


Package xcolor Warning: Incompatible color definition on input line 1477.


Package xcolor Warning: Incompatible color definition on input line 1479.


Package xcolor Warning: Incompatible color definition on input line 1479.


Package xcolor Warning: Incompatible color definition on input line 1479.


Package xcolor Warning: Incompatible color definition on input line 1480.


Package xcolor Warning: Incompatible color definition on input line 1482.


Package xcolor Warning: Incompatible color definition on input line 1482.


Package xcolor Warning: Incompatible color definition on input line 1482.


Package xcolor Warning: Incompatible color definition on input line 1483.


Package xcolor Warning: Incompatible color definition on input line 1484.


Package xcolor Warning: Incompatible color definition on input line 1485.


Package xcolor Warning: Incompatible color definition on input line 1486.


Package xcolor Warning: Incompatible color definition on input line 1486.


Package xcolor Warning: Incompatible color definition on input line 1486.


Package xcolor Warning: Incompatible color definition on input line 1486.


Package xcolor Warning: Incompatible color definition on input line 1486.


Package xcolor Warning: Incompatible color definition on input line 1486.


Package xcolor Warning: Incompatible color definition on input line 1488.


Package xcolor Warning: Incompatible color definition on input line 1488.


Package xcolor Warning: Incompatible color definition on input line 1488.


Package xcolor Warning: Incompatible color definition on input line 1489.


Package xcolor Warning: Incompatible color definition on input line 1489.


Package xcolor Warning: Incompatible color definition on input line 1489.


Package xcolor Warning: Incompatible color definition on input line 1490.


Package xcolor Warning: Incompatible color definition on input line 1491.


Package xcolor Warning: Incompatible color definition on input line 1491.


Package xcolor Warning: Incompatible color definition on input line 1491.


Package xcolor Warning: Incompatible color definition on input line 1491.


Package xcolor Warning: Incompatible color definition on input line 1491.


Package xcolor Warning: Incompatible color definition on input line 1492.


Package xcolor Warning: Incompatible color definition on input line 1492.


Package xcolor Warning: Incompatible color definition on input line 1492.


Package xcolor Warning: Incompatible color definition on input line 1492.


Package xcolor Warning: Incompatible color definition on input line 1492.

[31]

Package xcolor Warning: Incompatible color definition on input line 1503.


Package xcolor Warning: Incompatible color definition on input line 1503.


Package xcolor Warning: Incompatible color definition on input line 1503.


Package xcolor Warning: Incompatible color definition on input line 1503.


Package xcolor Warning: Incompatible color definition on input line 1503.


Package xcolor Warning: Incompatible color definition on input line 1503.


Package xcolor Warning: Incompatible color definition on input line 1503.


Package xcolor Warning: Incompatible color definition on input line 1503.


Package xcolor Warning: Incompatible color definition on input line 1503.


Package xcolor Warning: Incompatible color definition on input line 1503.


Package xcolor Warning: Incompatible color definition on input line 1503.


Package xcolor Warning: Incompatible color definition on input line 1503.


Package xcolor Warning: Incompatible color definition on input line 1503.


Package xcolor Warning: Incompatible color definition on input line 1503.


Package xcolor Warning: Incompatible color definition on input line 1503.


Package xcolor Warning: Incompatible color definition on input line 1503.


Package xcolor Warning: Incompatible color definition on input line 1503.


Package xcolor Warning: Incompatible color definition on input line 1503.


Package xcolor Warning: Incompatible color definition on input line 1503.


Package xcolor Warning: Incompatible color definition on input line 1503.


Package xcolor Warning: Incompatible color definition on input line 1503.


Package xcolor Warning: Incompatible color definition on input line 1503.


Package xcolor Warning: Incompatible color definition on input line 1503.


Package xcolor Warning: Incompatible color definition on input line 1503.


Package xcolor Warning: Incompatible color definition on input line 1503.


Package xcolor Warning: Incompatible color definition on input line 1503.


Package xcolor Warning: Incompatible color definition on input line 1503.


Package xcolor Warning: Incompatible color definition on input line 1503.


Package xcolor Warning: Incompatible color definition on input line 1503.


Package xcolor Warning: Incompatible color definition on input line 1503.


Package xcolor Warning: Incompatible color definition on input line 1503.


Package xcolor Warning: Incompatible color definition on input line 1503.


Package xcolor Warning: Incompatible color definition on input line 1503.


Package xcolor Warning: Incompatible color definition on input line 1503.


Package xcolor Warning: Incompatible color definition on input line 1503.


Package xcolor Warning: Incompatible color definition on input line 1503.


Package xcolor Warning: Incompatible color definition on input line 1503.


Package xcolor Warning: Incompatible color definition on input line 1503.


Package xcolor Warning: Incompatible color definition on input line 1503.


Package xcolor Warning: Incompatible color definition on input line 1507.


Package xcolor Warning: Incompatible color definition on input line 1507.


Package xcolor Warning: Incompatible color definition on input line 1507.


Package hyperref Warning: Token not allowed in a PDF string (PDFDocEncoding):
(hyperref)                removing `math shift' on input line 1510.


Package hyperref Warning: Token not allowed in a PDF string (PDFDocEncoding):
(hyperref)                removing `math shift' on input line 1510.


Package xcolor Warning: Incompatible color definition on input line 1513.


Package xcolor Warning: Incompatible color definition on input line 1513.


Package xcolor Warning: Incompatible color definition on input line 1513.


Package xcolor Warning: Incompatible color definition on input line 1516.


Package xcolor Warning: Incompatible color definition on input line 1517.


Package xcolor Warning: Incompatible color definition on input line 1517.


Package xcolor Warning: Incompatible color definition on input line 1517.


Package xcolor Warning: Incompatible color definition on input line 1517.

LaTeX Font Info:    Try loading font information for OMS+cmtt on input line 151
7.
LaTeX Font Info:    No file OMScmtt.fd. on input line 1517.

LaTeX Font Warning: Font shape `OMS/cmtt/m/n' undefined
(Font)              using `OMS/cmsy/m/n' instead
(Font)              for symbol `textbackslash' on input line 1517.


Package xcolor Warning: Incompatible color definition on input line 1517.


Package xcolor Warning: Incompatible color definition on input line 1519.


Package xcolor Warning: Incompatible color definition on input line 1520.


Package xcolor Warning: Incompatible color definition on input line 1520.


Package xcolor Warning: Incompatible color definition on input line 1521.


Package xcolor Warning: Incompatible color definition on input line 1522.


Package xcolor Warning: Incompatible color definition on input line 1523.


Package xcolor Warning: Incompatible color definition on input line 1523.


Package xcolor Warning: Incompatible color definition on input line 1523.


Package xcolor Warning: Incompatible color definition on input line 1523.


Package xcolor Warning: Incompatible color definition on input line 1525.

[32]

Package hyperref Warning: Token not allowed in a PDF string (PDFDocEncoding):
(hyperref)                removing `math shift' on input line 1527.


Package hyperref Warning: Token not allowed in a PDF string (PDFDocEncoding):
(hyperref)                removing `math shift' on input line 1527.


Package xcolor Warning: Incompatible color definition on input line 1530.


Package xcolor Warning: Incompatible color definition on input line 1531.


Package xcolor Warning: Incompatible color definition on input line 1531.


Package xcolor Warning: Incompatible color definition on input line 1531.


Package xcolor Warning: Incompatible color definition on input line 1531.


Package xcolor Warning: Incompatible color definition on input line 1531.


Package xcolor Warning: Incompatible color definition on input line 1533.


Package xcolor Warning: Incompatible color definition on input line 1534.


Package xcolor Warning: Incompatible color definition on input line 1534.


Package xcolor Warning: Incompatible color definition on input line 1536.


Package xcolor Warning: Incompatible color definition on input line 1536.


Package xcolor Warning: Incompatible color definition on input line 1536.


Package xcolor Warning: Incompatible color definition on input line 1536.


Package xcolor Warning: Incompatible color definition on input line 1536.


Package xcolor Warning: Incompatible color definition on input line 1538.


Package xcolor Warning: Incompatible color definition on input line 1539.


Package xcolor Warning: Incompatible color definition on input line 1539.


Package xcolor Warning: Incompatible color definition on input line 1541.


Package xcolor Warning: Incompatible color definition on input line 1542.


Package xcolor Warning: Incompatible color definition on input line 1542.


Package xcolor Warning: Incompatible color definition on input line 1542.


Package xcolor Warning: Incompatible color definition on input line 1542.


Package xcolor Warning: Incompatible color definition on input line 1542.


Package xcolor Warning: Incompatible color definition on input line 1544.


Package xcolor Warning: Incompatible color definition on input line 1545.


Package xcolor Warning: Incompatible color definition on input line 1545.

[33]
LaTeX Font Info:    Try loading font information for OMS+cmr on input line 1556
.
 (/usr/share/texlive/texmf-dist/tex/latex/base/omscmr.fd
File: omscmr.fd 2014/09/29 v2.5h Standard LaTeX font definitions
)
LaTeX Font Info:    Font shape `OMS/cmr/m/n' in size <10.95> not available
(Font)              Font shape `OMS/cmsy/m/n' tried instead on input line 1556.

 [34] [35]
Overfull \hbox (15.14427pt too wide) in paragraph at lines 1622--1625
\OT1/cmr/m/n/10.95 A nat-u-ral trans-for-ma-tion $\OML/cmm/m/it/10.95 ^^L \OT1/
cmr/m/n/10.95 : \OML/cmm/m/it/10.95 H \OMS/cmsy/m/n/10.95 ) \OML/cmm/m/it/10.95
 J$ \OT1/cmr/m/n/10.95 yields a nat-u-ral trans-for-ma-tion $\OML/cmm/m/it/10.9
5  \OT1/cmr/m/n/10.95 : \OML/cmm/m/it/10.95 F \OMS/cmsy/m/n/10.95 ) \OML/cmm/m
/it/10.95 G$\OT1/cmr/m/n/10.95 ,
 []

[36] [37]
Package atveryend Info: Empty hook `BeforeClearDocument' on input line 1636.
Package atveryend Info: Empty hook `AfterLastShipout' on input line 1636.
 (./Arbeit.aux)
Package atveryend Info: Executing hook `AtVeryEndDocument' on input line 1636.
Package atveryend Info: Executing hook `AtEndAfterFileList' on input line 1636.

Package rerunfilecheck Info: File `Arbeit.out' has not changed.
(rerunfilecheck)             Checksum: AC9F7EE56661B51A87BB18D34A62CA76;1694.


LaTeX Font Warning: Some font shapes were not available, defaults substituted.

Package logreq Info: Writing requests to 'Arbeit.run.xml'.
\openout1 = `Arbeit.run.xml'.

 ) 
Here is how much of TeX's memory you used:
 41855 strings out of 492982
 853858 string characters out of 6134897
 1213130 words of memory out of 5000000
 44505 multiletter control sequences out of 15000+600000
 541059 words of font info for 65 fonts, out of 8000000 for 9000
 1141 hyphenation exceptions out of 8191
 70i,27n,103p,10546b,2279s stack positions out of 5000i,500n,10000p,200000b,80000s
 </home/jlippert/.texlive2017/texmf-var/fonts/pk/ljfour/public/bbm/bbm12.600p
k> </home/jlippert/.texlive2017/texmf-var/fonts/pk/ljfour/public/bbm/bbm10.657p
k></usr/share/texlive/texmf-dist/fonts/type1/public/amsfonts/cm/cmbx10.pfb></us
r/share/texlive/texmf-dist/fonts/type1/public/amsfonts/cm/cmbx12.pfb></usr/shar
e/texlive/texmf-dist/fonts/type1/public/amsfonts/cm/cmcsc10.pfb></usr/share/tex
live/texmf-dist/fonts/type1/public/amsfonts/cm/cmitt10.pfb></usr/share/texlive/
texmf-dist/fonts/type1/public/amsfonts/cm/cmmi10.pfb></usr/share/texlive/texmf-
dist/fonts/type1/public/amsfonts/cm/cmmi6.pfb></usr/share/texlive/texmf-dist/fo
nts/type1/public/amsfonts/cm/cmmi8.pfb></usr/share/texlive/texmf-dist/fonts/typ
e1/public/amsfonts/cm/cmr10.pfb></usr/share/texlive/texmf-dist/fonts/type1/publ
ic/amsfonts/cm/cmr12.pfb></usr/share/texlive/texmf-dist/fonts/type1/public/amsf
onts/cm/cmr6.pfb></usr/share/texlive/texmf-dist/fonts/type1/public/amsfonts/cm/
cmr8.pfb></usr/share/texlive/texmf-dist/fonts/type1/public/amsfonts/cm/cmsy10.p
fb></usr/share/texlive/texmf-dist/fonts/type1/public/amsfonts/cm/cmsy6.pfb></us
r/share/texlive/texmf-dist/fonts/type1/public/amsfonts/cm/cmsy8.pfb></usr/share
/texlive/texmf-dist/fonts/type1/public/amsfonts/cm/cmti10.pfb></usr/share/texli
ve/texmf-dist/fonts/type1/public/amsfonts/cm/cmtt10.pfb></usr/share/texlive/tex
mf-dist/fonts/type1/public/amsfonts/symbols/msam10.pfb>
Output written on Arbeit.pdf (39 pages, 328252 bytes).
PDF statistics:
 838 PDF objects out of 1000 (max. 8388607)
 746 compressed objects within 8 object streams
 371 named destinations out of 1000 (max. 500000)
 349 words of extra memory for PDF output out of 10000 (max. 10000000)

